2023-03-02 11:58:11,951 INFO    StreamThr :407151 [internal.py:wandb_internal():90] W&B internal server running at pid: 407151, started at: 2023-03-02 11:58:11.951506
2023-03-02 11:58:11,952 DEBUG   HandlerThread:407151 [handler.py:handle_request():144] handle_request: status
2023-03-02 11:58:11,954 INFO    WriterThread:407151 [datastore.py:open_for_write():85] open: /home/quantumiracle/research/humanRL_prior_games/wandb/run-20230302_115811-a10q7ipa/run-a10q7ipa.wandb
2023-03-02 11:58:11,954 DEBUG   SenderThread:407151 [sender.py:send():336] send: header
2023-03-02 11:58:11,969 DEBUG   SenderThread:407151 [sender.py:send():336] send: run
2023-03-02 11:58:12,182 DEBUG   HandlerThread:407151 [handler.py:handle_request():144] handle_request: check_version
2023-03-02 11:58:12,183 INFO    SenderThread:407151 [dir_watcher.py:__init__():216] watching files in: /home/quantumiracle/research/humanRL_prior_games/wandb/run-20230302_115811-a10q7ipa/files
2023-03-02 11:58:12,183 INFO    SenderThread:407151 [sender.py:_start_run_threads():1070] run started: a10q7ipa with start time 1677776291.952117
2023-03-02 11:58:12,183 DEBUG   SenderThread:407151 [sender.py:send_request():363] send_request: summary_record
2023-03-02 11:58:12,184 INFO    SenderThread:407151 [sender.py:_save_file():1321] saving file wandb-summary.json with policy end
2023-03-02 11:58:12,184 DEBUG   SenderThread:407151 [sender.py:send_request():363] send_request: check_version
2023-03-02 11:58:12,236 DEBUG   HandlerThread:407151 [handler.py:handle_request():144] handle_request: run_start
2023-03-02 11:58:12,241 DEBUG   HandlerThread:407151 [system_info.py:__init__():31] System info init
2023-03-02 11:58:12,241 DEBUG   HandlerThread:407151 [system_info.py:__init__():46] System info init done
2023-03-02 11:58:12,242 INFO    HandlerThread:407151 [system_monitor.py:start():151] Starting system monitor
2023-03-02 11:58:12,242 INFO    SystemMonitor:407151 [system_monitor.py:_start():116] Starting system asset monitoring threads
2023-03-02 11:58:12,242 INFO    HandlerThread:407151 [system_monitor.py:probe():172] Collecting system info
2023-03-02 11:58:12,242 INFO    SystemMonitor:407151 [interfaces.py:start():168] Started cpu
2023-03-02 11:58:12,242 INFO    SystemMonitor:407151 [interfaces.py:start():168] Started disk
2023-03-02 11:58:12,243 INFO    SystemMonitor:407151 [interfaces.py:start():168] Started gpu
2023-03-02 11:58:12,243 INFO    SystemMonitor:407151 [interfaces.py:start():168] Started memory
2023-03-02 11:58:12,243 INFO    SystemMonitor:407151 [interfaces.py:start():168] Started network
2023-03-02 11:58:12,285 DEBUG   HandlerThread:407151 [system_info.py:probe():195] Probing system
2023-03-02 11:58:12,286 DEBUG   HandlerThread:407151 [system_info.py:_probe_git():180] Probing git
2023-03-02 11:58:12,311 DEBUG   HandlerThread:407151 [system_info.py:_probe_git():188] Probing git done
2023-03-02 11:58:12,311 DEBUG   HandlerThread:407151 [system_info.py:probe():241] Probing system done
2023-03-02 11:58:12,311 DEBUG   HandlerThread:407151 [system_monitor.py:probe():181] {'os': 'Linux-5.15.0-60-generic-x86_64-with-debian-bullseye-sid', 'python': '3.7.0', 'heartbeatAt': '2023-03-02T16:58:12.286142', 'startedAt': '2023-03-02T16:58:11.945576', 'docker': None, 'cuda': None, 'args': (), 'state': 'running', 'program': 'humanRL_gym_ple/modified_dqn_ple.py', 'codePath': 'humanRL_gym_ple/modified_dqn_ple.py', 'git': {'remote': 'https://github.com/rach0012/humanRL_prior_games.git', 'commit': 'c9fff26af5df3e1cdea023536da5fda114ba5c60'}, 'email': 'zhding@mail.ustc.edu.cn', 'root': '/home/quantumiracle/research/humanRL_prior_games', 'host': 'quantumiracle-XPS-8940', 'username': 'quantumiracle', 'executable': '/home/quantumiracle/anaconda3/envs/x/bin/python', 'cpu_count': 8, 'cpu_count_logical': 16, 'cpu_freq': {'current': 2804.855375, 'min': 800.0, 'max': 4825.0}, 'cpu_freq_per_core': [{'current': 2500.0, 'min': 800.0, 'max': 4800.0}, {'current': 2500.0, 'min': 800.0, 'max': 4800.0}, {'current': 2500.0, 'min': 800.0, 'max': 4900.0}, {'current': 2500.0, 'min': 800.0, 'max': 4900.0}, {'current': 2500.0, 'min': 800.0, 'max': 4800.0}, {'current': 2500.0, 'min': 800.0, 'max': 4800.0}, {'current': 2500.0, 'min': 800.0, 'max': 4800.0}, {'current': 2500.0, 'min': 800.0, 'max': 4800.0}, {'current': 4499.171, 'min': 800.0, 'max': 4800.0}, {'current': 4446.604, 'min': 800.0, 'max': 4800.0}, {'current': 2500.0, 'min': 800.0, 'max': 4900.0}, {'current': 3989.851, 'min': 800.0, 'max': 4900.0}, {'current': 2500.0, 'min': 800.0, 'max': 4800.0}, {'current': 2500.0, 'min': 800.0, 'max': 4800.0}, {'current': 4448.926, 'min': 800.0, 'max': 4800.0}, {'current': 4514.784, 'min': 800.0, 'max': 4800.0}], 'disk': {'total': 915.3232879638672, 'used': 867.4384002685547}, 'gpu': 'NVIDIA GeForce RTX 3060 Ti', 'gpu_count': 1, 'gpu_devices': [{'name': 'NVIDIA GeForce RTX 3060 Ti', 'memory_total': 8589934592}], 'memory': {'total': 62.483726501464844}}
2023-03-02 11:58:12,311 INFO    HandlerThread:407151 [system_monitor.py:probe():182] Finished collecting system info
2023-03-02 11:58:12,311 INFO    HandlerThread:407151 [system_monitor.py:probe():185] Publishing system info
2023-03-02 11:58:12,311 DEBUG   HandlerThread:407151 [system_info.py:_save_pip():52] Saving list of pip packages installed into the current environment
2023-03-02 11:58:12,312 DEBUG   HandlerThread:407151 [system_info.py:_save_pip():67] Saving pip packages done
2023-03-02 11:58:12,312 DEBUG   HandlerThread:407151 [system_info.py:_save_conda():75] Saving list of conda packages installed into the current environment
2023-03-02 11:58:13,184 INFO    Thread-13 :407151 [dir_watcher.py:_on_file_created():275] file/dir created: /home/quantumiracle/research/humanRL_prior_games/wandb/run-20230302_115811-a10q7ipa/files/conda-environment.yaml
2023-03-02 11:58:13,185 INFO    Thread-13 :407151 [dir_watcher.py:_on_file_created():275] file/dir created: /home/quantumiracle/research/humanRL_prior_games/wandb/run-20230302_115811-a10q7ipa/files/requirements.txt
2023-03-02 11:58:13,185 INFO    Thread-13 :407151 [dir_watcher.py:_on_file_created():275] file/dir created: /home/quantumiracle/research/humanRL_prior_games/wandb/run-20230302_115811-a10q7ipa/files/wandb-summary.json
2023-03-02 11:58:13,683 DEBUG   HandlerThread:407151 [system_info.py:_save_conda():86] Saving conda packages done
2023-03-02 11:58:13,683 DEBUG   HandlerThread:407151 [system_info.py:_save_code():89] Saving code
2023-03-02 11:58:13,689 DEBUG   HandlerThread:407151 [system_info.py:_save_code():110] Saving code done
2023-03-02 11:58:13,689 DEBUG   HandlerThread:407151 [system_info.py:_save_patches():127] Saving git patches
2023-03-02 11:58:13,719 DEBUG   HandlerThread:407151 [system_info.py:_save_patches():169] Saving git patches done
2023-03-02 11:58:13,719 INFO    HandlerThread:407151 [system_monitor.py:probe():187] Finished publishing system info
2023-03-02 11:58:13,724 DEBUG   SenderThread:407151 [sender.py:send():336] send: files
2023-03-02 11:58:13,724 INFO    SenderThread:407151 [sender.py:_save_file():1321] saving file wandb-metadata.json with policy now
2023-03-02 11:58:13,724 INFO    SenderThread:407151 [sender.py:_save_file():1321] saving file code/humanRL_gym_ple/modified_dqn_ple.py with policy now
2023-03-02 11:58:13,724 INFO    SenderThread:407151 [sender.py:_save_file():1321] saving file diff.patch with policy now
2023-03-02 11:58:13,729 DEBUG   HandlerThread:407151 [handler.py:handle_request():144] handle_request: stop_status
2023-03-02 11:58:13,730 DEBUG   SenderThread:407151 [sender.py:send():336] send: telemetry
2023-03-02 11:58:13,730 DEBUG   SenderThread:407151 [sender.py:send_request():363] send_request: stop_status
2023-03-02 11:58:13,858 INFO    wandb-upload_1:407151 [upload_job.py:push():118] Skipped uploading /tmp/tmp5pv_3a2xwandb/k61w57zh-code/humanRL_gym_ple/modified_dqn_ple.py
2023-03-02 11:58:14,174 INFO    wandb-upload_0:407151 [upload_job.py:push():138] Uploaded file /tmp/tmp5pv_3a2xwandb/8yr5w6mi-wandb-metadata.json
2023-03-02 11:58:14,176 INFO    wandb-upload_2:407151 [upload_job.py:push():138] Uploaded file /tmp/tmp5pv_3a2xwandb/ye2mpb1w-diff.patch
2023-03-02 11:58:14,184 INFO    Thread-13 :407151 [dir_watcher.py:_on_file_created():275] file/dir created: /home/quantumiracle/research/humanRL_prior_games/wandb/run-20230302_115811-a10q7ipa/files/wandb-metadata.json
2023-03-02 11:58:14,184 INFO    Thread-13 :407151 [dir_watcher.py:_on_file_created():275] file/dir created: /home/quantumiracle/research/humanRL_prior_games/wandb/run-20230302_115811-a10q7ipa/files/output.log
2023-03-02 11:58:14,185 INFO    Thread-13 :407151 [dir_watcher.py:_on_file_created():275] file/dir created: /home/quantumiracle/research/humanRL_prior_games/wandb/run-20230302_115811-a10q7ipa/files/code/humanRL_gym_ple/modified_dqn_ple.py
2023-03-02 11:58:14,185 INFO    Thread-13 :407151 [dir_watcher.py:_on_file_created():275] file/dir created: /home/quantumiracle/research/humanRL_prior_games/wandb/run-20230302_115811-a10q7ipa/files/diff.patch
2023-03-02 11:58:14,185 INFO    Thread-13 :407151 [dir_watcher.py:_on_file_created():275] file/dir created: /home/quantumiracle/research/humanRL_prior_games/wandb/run-20230302_115811-a10q7ipa/files/code
2023-03-02 11:58:14,185 INFO    Thread-13 :407151 [dir_watcher.py:_on_file_created():275] file/dir created: /home/quantumiracle/research/humanRL_prior_games/wandb/run-20230302_115811-a10q7ipa/files/code/humanRL_gym_ple
2023-03-02 11:58:15,476 INFO    HandlerThread:407151 [handler.py:handle_tbrecord():748] handling tbrecord: tbrecord {
  log_dir: "runs/smallGame"
  save: true
}
control {
  relay_id: "60f112d79f5041d6ae9220acba47a22b"
}
_info {
  stream_id: "a10q7ipa"
}

2023-03-02 11:58:15,476 DEBUG   HandlerThread:407151 [config_util.py:dict_from_config_file():100] no default config file found in config-defaults.yaml
2023-03-02 11:58:15,497 DEBUG   SenderThread:407151 [sender.py:send():336] send: tbrecord
2023-03-02 11:58:16,188 INFO    Thread-13 :407151 [dir_watcher.py:_on_file_modified():292] file/dir modified: /home/quantumiracle/research/humanRL_prior_games/wandb/run-20230302_115811-a10q7ipa/files/output.log
2023-03-02 11:58:16,324 DEBUG   SenderThread:407151 [sender.py:send():336] send: files
2023-03-02 11:58:16,324 INFO    SenderThread:407151 [sender.py:_save_file():1321] saving file events.out.tfevents.1677776295.quantumiracle-XPS-8940.407123.0 with policy live
2023-03-02 11:58:16,684 INFO    wandb-upload_3:407151 [upload_job.py:push():138] Uploaded file /tmp/tmp5pv_3a2xwandb/pfs6dq2b-events.out.tfevents.1677776295.quantumiracle-XPS-8940.407123.0
2023-03-02 11:58:17,187 INFO    Thread-13 :407151 [dir_watcher.py:_on_file_created():275] file/dir created: /home/quantumiracle/research/humanRL_prior_games/wandb/run-20230302_115811-a10q7ipa/files/events.out.tfevents.1677776295.quantumiracle-XPS-8940.407123.0
2023-03-02 11:58:17,325 DEBUG   HandlerThread:407151 [handler.py:handle_request():144] handle_request: status_report
2023-03-02 11:58:18,188 INFO    Thread-13 :407151 [dir_watcher.py:_on_file_modified():292] file/dir modified: /home/quantumiracle/research/humanRL_prior_games/wandb/run-20230302_115811-a10q7ipa/files/output.log
2023-03-02 11:58:22,326 DEBUG   HandlerThread:407151 [handler.py:handle_request():144] handle_request: status_report
2023-03-02 11:58:24,190 INFO    Thread-13 :407151 [dir_watcher.py:_on_file_modified():292] file/dir modified: /home/quantumiracle/research/humanRL_prior_games/wandb/run-20230302_115811-a10q7ipa/files/output.log
2023-03-02 11:58:26,191 INFO    Thread-13 :407151 [dir_watcher.py:_on_file_modified():292] file/dir modified: /home/quantumiracle/research/humanRL_prior_games/wandb/run-20230302_115811-a10q7ipa/files/output.log
2023-03-02 11:58:27,640 DEBUG   HandlerThread:407151 [handler.py:handle_request():144] handle_request: status_report
2023-03-02 11:58:28,727 DEBUG   HandlerThread:407151 [handler.py:handle_request():144] handle_request: keepalive
2023-03-02 11:58:32,640 DEBUG   HandlerThread:407151 [handler.py:handle_request():144] handle_request: status_report
2023-03-02 11:58:33,728 DEBUG   HandlerThread:407151 [handler.py:handle_request():144] handle_request: keepalive
2023-03-02 11:58:37,641 DEBUG   HandlerThread:407151 [handler.py:handle_request():144] handle_request: status_report
2023-03-02 11:58:38,729 DEBUG   HandlerThread:407151 [handler.py:handle_request():144] handle_request: keepalive
2023-03-02 11:58:42,644 DEBUG   HandlerThread:407151 [handler.py:handle_request():144] handle_request: status_report
2023-03-02 11:58:43,197 INFO    Thread-13 :407151 [dir_watcher.py:_on_file_modified():292] file/dir modified: /home/quantumiracle/research/humanRL_prior_games/wandb/run-20230302_115811-a10q7ipa/files/config.yaml
2023-03-02 11:58:43,730 DEBUG   HandlerThread:407151 [handler.py:handle_request():144] handle_request: keepalive
2023-03-02 11:58:47,747 DEBUG   HandlerThread:407151 [handler.py:handle_request():144] handle_request: status_report
2023-03-02 11:58:48,730 DEBUG   HandlerThread:407151 [handler.py:handle_request():144] handle_request: keepalive
2023-03-02 11:58:52,748 DEBUG   HandlerThread:407151 [handler.py:handle_request():144] handle_request: status_report
2023-03-02 11:58:53,731 DEBUG   HandlerThread:407151 [handler.py:handle_request():144] handle_request: keepalive
2023-03-02 11:58:56,244 DEBUG   SenderThread:407151 [sender.py:send():336] send: exit
2023-03-02 11:58:56,244 INFO    SenderThread:407151 [sender.py:send_exit():559] handling exit code: 255
2023-03-02 11:58:56,244 INFO    SenderThread:407151 [sender.py:send_exit():561] handling runtime: 44
2023-03-02 11:58:56,246 INFO    SenderThread:407151 [sender.py:_save_file():1321] saving file wandb-summary.json with policy end
2023-03-02 11:58:56,246 INFO    SenderThread:407151 [sender.py:send_exit():567] send defer
2023-03-02 11:58:56,246 DEBUG   HandlerThread:407151 [handler.py:handle_request():144] handle_request: defer
2023-03-02 11:58:56,246 INFO    HandlerThread:407151 [handler.py:handle_request_defer():170] handle defer: 0
2023-03-02 11:58:56,246 DEBUG   SenderThread:407151 [sender.py:send_request():363] send_request: defer
2023-03-02 11:58:56,246 INFO    SenderThread:407151 [sender.py:send_request_defer():583] handle sender defer: 0
2023-03-02 11:58:56,246 INFO    SenderThread:407151 [sender.py:transition_state():587] send defer: 1
2023-03-02 11:58:56,246 DEBUG   HandlerThread:407151 [handler.py:handle_request():144] handle_request: defer
2023-03-02 11:58:56,247 INFO    HandlerThread:407151 [handler.py:handle_request_defer():170] handle defer: 1
2023-03-02 11:58:56,247 DEBUG   SenderThread:407151 [sender.py:send_request():363] send_request: defer
2023-03-02 11:58:56,247 INFO    SenderThread:407151 [sender.py:send_request_defer():583] handle sender defer: 1
2023-03-02 11:58:56,247 INFO    SenderThread:407151 [sender.py:transition_state():587] send defer: 2
2023-03-02 11:58:56,247 DEBUG   HandlerThread:407151 [handler.py:handle_request():144] handle_request: defer
2023-03-02 11:58:56,247 INFO    HandlerThread:407151 [handler.py:handle_request_defer():170] handle defer: 2
2023-03-02 11:58:56,247 INFO    HandlerThread:407151 [system_monitor.py:finish():161] Stopping system monitor
2023-03-02 11:58:56,247 DEBUG   SystemMonitor:407151 [system_monitor.py:_start():130] Starting system metrics aggregation loop
2023-03-02 11:58:56,247 DEBUG   SystemMonitor:407151 [system_monitor.py:_start():137] Finished system metrics aggregation loop
2023-03-02 11:58:56,247 DEBUG   SystemMonitor:407151 [system_monitor.py:_start():141] Publishing last batch of metrics
2023-03-02 11:58:56,248 INFO    HandlerThread:407151 [interfaces.py:finish():175] Joined cpu
2023-03-02 11:58:56,248 INFO    HandlerThread:407151 [interfaces.py:finish():175] Joined disk
2023-03-02 11:58:56,304 INFO    HandlerThread:407151 [interfaces.py:finish():175] Joined gpu
2023-03-02 11:58:56,304 INFO    HandlerThread:407151 [interfaces.py:finish():175] Joined memory
2023-03-02 11:58:56,304 INFO    HandlerThread:407151 [interfaces.py:finish():175] Joined network
2023-03-02 11:58:56,304 DEBUG   SenderThread:407151 [sender.py:send_request():363] send_request: defer
2023-03-02 11:58:56,305 INFO    SenderThread:407151 [sender.py:send_request_defer():583] handle sender defer: 2
2023-03-02 11:58:56,305 INFO    SenderThread:407151 [sender.py:transition_state():587] send defer: 3
2023-03-02 11:58:56,305 DEBUG   SenderThread:407151 [sender.py:send():336] send: stats
2023-03-02 11:58:56,305 DEBUG   HandlerThread:407151 [handler.py:handle_request():144] handle_request: defer
2023-03-02 11:58:56,305 INFO    HandlerThread:407151 [handler.py:handle_request_defer():170] handle defer: 3
2023-03-02 11:58:56,305 DEBUG   SenderThread:407151 [sender.py:send_request():363] send_request: defer
2023-03-02 11:58:56,305 INFO    SenderThread:407151 [sender.py:send_request_defer():583] handle sender defer: 3
2023-03-02 11:58:56,305 INFO    SenderThread:407151 [sender.py:transition_state():587] send defer: 4
2023-03-02 11:58:56,305 DEBUG   HandlerThread:407151 [handler.py:handle_request():144] handle_request: defer
2023-03-02 11:58:56,305 INFO    HandlerThread:407151 [handler.py:handle_request_defer():170] handle defer: 4
2023-03-02 11:58:57,203 INFO    Thread-13 :407151 [dir_watcher.py:_on_file_modified():292] file/dir modified: /home/quantumiracle/research/humanRL_prior_games/wandb/run-20230302_115811-a10q7ipa/files/wandb-summary.json
2023-03-02 11:58:58,204 INFO    Thread-13 :407151 [dir_watcher.py:_on_file_modified():292] file/dir modified: /home/quantumiracle/research/humanRL_prior_games/wandb/run-20230302_115811-a10q7ipa/files/output.log
2023-03-02 11:59:01,001 WARNING StreamThr :407151 [internal.py:is_dead():416] Internal process exiting, parent pid 407123 disappeared
2023-03-02 11:59:01,001 ERROR   StreamThr :407151 [internal.py:wandb_internal():153] Internal process shutdown.
2023-03-02 11:59:01,306 INFO    WriterThread:407151 [datastore.py:close():299] close: /home/quantumiracle/research/humanRL_prior_games/wandb/run-20230302_115811-a10q7ipa/run-a10q7ipa.wandb
2023-03-02 11:59:01,306 INFO    SenderThread:407151 [sender.py:finish():1493] shutting down sender
2023-03-02 11:59:01,484 INFO    HandlerThread:407151 [handler.py:finish():841] shutting down handler
2023-03-02 11:59:03,549 INFO    SenderThread:407151 [dir_watcher.py:finish():362] shutting down directory watcher
2023-03-02 11:59:04,205 INFO    SenderThread:407151 [dir_watcher.py:_on_file_modified():292] file/dir modified: /home/quantumiracle/research/humanRL_prior_games/wandb/run-20230302_115811-a10q7ipa/files/output.log
2023-03-02 11:59:04,206 INFO    SenderThread:407151 [dir_watcher.py:finish():392] scan: /home/quantumiracle/research/humanRL_prior_games/wandb/run-20230302_115811-a10q7ipa/files
2023-03-02 11:59:04,206 INFO    SenderThread:407151 [dir_watcher.py:finish():406] scan save: /home/quantumiracle/research/humanRL_prior_games/wandb/run-20230302_115811-a10q7ipa/files/wandb-metadata.json wandb-metadata.json
2023-03-02 11:59:04,206 INFO    SenderThread:407151 [dir_watcher.py:finish():406] scan save: /home/quantumiracle/research/humanRL_prior_games/wandb/run-20230302_115811-a10q7ipa/files/conda-environment.yaml conda-environment.yaml
2023-03-02 11:59:04,206 INFO    SenderThread:407151 [dir_watcher.py:finish():406] scan save: /home/quantumiracle/research/humanRL_prior_games/wandb/run-20230302_115811-a10q7ipa/files/requirements.txt requirements.txt
2023-03-02 11:59:04,206 INFO    SenderThread:407151 [dir_watcher.py:finish():406] scan save: /home/quantumiracle/research/humanRL_prior_games/wandb/run-20230302_115811-a10q7ipa/files/diff.patch diff.patch
2023-03-02 11:59:04,206 INFO    SenderThread:407151 [dir_watcher.py:finish():406] scan save: /home/quantumiracle/research/humanRL_prior_games/wandb/run-20230302_115811-a10q7ipa/files/wandb-summary.json wandb-summary.json
2023-03-02 11:59:04,207 INFO    SenderThread:407151 [dir_watcher.py:finish():406] scan save: /home/quantumiracle/research/humanRL_prior_games/wandb/run-20230302_115811-a10q7ipa/files/config.yaml config.yaml
2023-03-02 11:59:04,210 INFO    SenderThread:407151 [dir_watcher.py:finish():406] scan save: /home/quantumiracle/research/humanRL_prior_games/wandb/run-20230302_115811-a10q7ipa/files/events.out.tfevents.1677776295.quantumiracle-XPS-8940.407123.0 events.out.tfevents.1677776295.quantumiracle-XPS-8940.407123.0
2023-03-02 11:59:04,214 INFO    SenderThread:407151 [dir_watcher.py:finish():406] scan save: /home/quantumiracle/research/humanRL_prior_games/wandb/run-20230302_115811-a10q7ipa/files/output.log output.log
2023-03-02 11:59:04,222 INFO    SenderThread:407151 [dir_watcher.py:finish():406] scan save: /home/quantumiracle/research/humanRL_prior_games/wandb/run-20230302_115811-a10q7ipa/files/code/humanRL_gym_ple/modified_dqn_ple.py code/humanRL_gym_ple/modified_dqn_ple.py
2023-03-02 11:59:04,222 INFO    SenderThread:407151 [file_pusher.py:finish():162] shutting down file pusher
2023-03-02 11:59:04,222 INFO    SenderThread:407151 [file_pusher.py:join():167] waiting for file pusher
2023-03-02 11:59:04,293 ERROR   Thread-12 :407151 [step_upload.py:_handle_event():142] Failed to upload file: /home/quantumiracle/research/humanRL_prior_games/wandb/run-20230302_115811-a10q7ipa/files/requirements.txt
Traceback (most recent call last):
  File "/home/quantumiracle/anaconda3/envs/x/lib/python3.7/site-packages/wandb/apis/normalize.py", line 26, in wrapper
    return func(*args, **kwargs)
  File "/home/quantumiracle/anaconda3/envs/x/lib/python3.7/site-packages/wandb/sdk/internal/internal_api.py", line 1769, in upload_urls
    raise CommError(f"Run does not exist {entity}/{project}/{run_id}.")
wandb.errors.CommError: Run does not exist quantumiracle/dqn_ple/a10q7ipa.

During handling of the above exception, another exception occurred:

Traceback (most recent call last):
  File "/home/quantumiracle/anaconda3/envs/x/lib/python3.7/concurrent/futures/thread.py", line 57, in run
    result = self.fn(*self.args, **self.kwargs)
  File "/home/quantumiracle/anaconda3/envs/x/lib/python3.7/site-packages/wandb/filesync/step_upload.py", line 235, in run_and_notify
    job.run()
  File "/home/quantumiracle/anaconda3/envs/x/lib/python3.7/site-packages/wandb/filesync/upload_job.py", line 62, in run
    self.push()
  File "/home/quantumiracle/anaconda3/envs/x/lib/python3.7/site-packages/wandb/filesync/upload_job.py", line 113, in push
    _, upload_headers, result = self._api.upload_urls(project, [self.save_name])
  File "/home/quantumiracle/anaconda3/envs/x/lib/python3.7/site-packages/wandb/apis/normalize.py", line 64, in wrapper
    raise CommError(message, err).with_traceback(sys.exc_info()[2])
  File "/home/quantumiracle/anaconda3/envs/x/lib/python3.7/site-packages/wandb/apis/normalize.py", line 26, in wrapper
    return func(*args, **kwargs)
  File "/home/quantumiracle/anaconda3/envs/x/lib/python3.7/site-packages/wandb/sdk/internal/internal_api.py", line 1769, in upload_urls
    raise CommError(f"Run does not exist {entity}/{project}/{run_id}.")
wandb.errors.CommError: Run does not exist quantumiracle/dqn_ple/a10q7ipa.
2023-03-02 11:59:04,297 ERROR   Thread-12 :407151 [step_upload.py:_handle_event():142] Failed to upload file: /home/quantumiracle/research/humanRL_prior_games/wandb/run-20230302_115811-a10q7ipa/files/config.yaml
Traceback (most recent call last):
  File "/home/quantumiracle/anaconda3/envs/x/lib/python3.7/site-packages/wandb/apis/normalize.py", line 26, in wrapper
    return func(*args, **kwargs)
  File "/home/quantumiracle/anaconda3/envs/x/lib/python3.7/site-packages/wandb/sdk/internal/internal_api.py", line 1769, in upload_urls
    raise CommError(f"Run does not exist {entity}/{project}/{run_id}.")
wandb.errors.CommError: Run does not exist quantumiracle/dqn_ple/a10q7ipa.

During handling of the above exception, another exception occurred:

Traceback (most recent call last):
  File "/home/quantumiracle/anaconda3/envs/x/lib/python3.7/concurrent/futures/thread.py", line 57, in run
    result = self.fn(*self.args, **self.kwargs)
  File "/home/quantumiracle/anaconda3/envs/x/lib/python3.7/site-packages/wandb/filesync/step_upload.py", line 235, in run_and_notify
    job.run()
  File "/home/quantumiracle/anaconda3/envs/x/lib/python3.7/site-packages/wandb/filesync/upload_job.py", line 62, in run
    self.push()
  File "/home/quantumiracle/anaconda3/envs/x/lib/python3.7/site-packages/wandb/filesync/upload_job.py", line 113, in push
    _, upload_headers, result = self._api.upload_urls(project, [self.save_name])
  File "/home/quantumiracle/anaconda3/envs/x/lib/python3.7/site-packages/wandb/apis/normalize.py", line 64, in wrapper
    raise CommError(message, err).with_traceback(sys.exc_info()[2])
  File "/home/quantumiracle/anaconda3/envs/x/lib/python3.7/site-packages/wandb/apis/normalize.py", line 26, in wrapper
    return func(*args, **kwargs)
  File "/home/quantumiracle/anaconda3/envs/x/lib/python3.7/site-packages/wandb/sdk/internal/internal_api.py", line 1769, in upload_urls
    raise CommError(f"Run does not exist {entity}/{project}/{run_id}.")
wandb.errors.CommError: Run does not exist quantumiracle/dqn_ple/a10q7ipa.
2023-03-02 11:59:04,299 ERROR   Thread-12 :407151 [step_upload.py:_handle_event():142] Failed to upload file: /home/quantumiracle/research/humanRL_prior_games/wandb/run-20230302_115811-a10q7ipa/files/output.log
Traceback (most recent call last):
  File "/home/quantumiracle/anaconda3/envs/x/lib/python3.7/site-packages/wandb/apis/normalize.py", line 26, in wrapper
    return func(*args, **kwargs)
  File "/home/quantumiracle/anaconda3/envs/x/lib/python3.7/site-packages/wandb/sdk/internal/internal_api.py", line 1769, in upload_urls
    raise CommError(f"Run does not exist {entity}/{project}/{run_id}.")
wandb.errors.CommError: Run does not exist quantumiracle/dqn_ple/a10q7ipa.

During handling of the above exception, another exception occurred:

Traceback (most recent call last):
  File "/home/quantumiracle/anaconda3/envs/x/lib/python3.7/concurrent/futures/thread.py", line 57, in run
    result = self.fn(*self.args, **self.kwargs)
  File "/home/quantumiracle/anaconda3/envs/x/lib/python3.7/site-packages/wandb/filesync/step_upload.py", line 235, in run_and_notify
    job.run()
  File "/home/quantumiracle/anaconda3/envs/x/lib/python3.7/site-packages/wandb/filesync/upload_job.py", line 62, in run
    self.push()
  File "/home/quantumiracle/anaconda3/envs/x/lib/python3.7/site-packages/wandb/filesync/upload_job.py", line 113, in push
    _, upload_headers, result = self._api.upload_urls(project, [self.save_name])
  File "/home/quantumiracle/anaconda3/envs/x/lib/python3.7/site-packages/wandb/apis/normalize.py", line 64, in wrapper
    raise CommError(message, err).with_traceback(sys.exc_info()[2])
  File "/home/quantumiracle/anaconda3/envs/x/lib/python3.7/site-packages/wandb/apis/normalize.py", line 26, in wrapper
    return func(*args, **kwargs)
  File "/home/quantumiracle/anaconda3/envs/x/lib/python3.7/site-packages/wandb/sdk/internal/internal_api.py", line 1769, in upload_urls
    raise CommError(f"Run does not exist {entity}/{project}/{run_id}.")
wandb.errors.CommError: Run does not exist quantumiracle/dqn_ple/a10q7ipa.
2023-03-02 11:59:04,311 ERROR   Thread-12 :407151 [step_upload.py:_handle_event():142] Failed to upload file: /home/quantumiracle/research/humanRL_prior_games/wandb/run-20230302_115811-a10q7ipa/files/wandb-summary.json
Traceback (most recent call last):
  File "/home/quantumiracle/anaconda3/envs/x/lib/python3.7/site-packages/wandb/apis/normalize.py", line 26, in wrapper
    return func(*args, **kwargs)
  File "/home/quantumiracle/anaconda3/envs/x/lib/python3.7/site-packages/wandb/sdk/internal/internal_api.py", line 1769, in upload_urls
    raise CommError(f"Run does not exist {entity}/{project}/{run_id}.")
wandb.errors.CommError: Run does not exist quantumiracle/dqn_ple/a10q7ipa.

During handling of the above exception, another exception occurred:

Traceback (most recent call last):
  File "/home/quantumiracle/anaconda3/envs/x/lib/python3.7/concurrent/futures/thread.py", line 57, in run
    result = self.fn(*self.args, **self.kwargs)
  File "/home/quantumiracle/anaconda3/envs/x/lib/python3.7/site-packages/wandb/filesync/step_upload.py", line 235, in run_and_notify
    job.run()
  File "/home/quantumiracle/anaconda3/envs/x/lib/python3.7/site-packages/wandb/filesync/upload_job.py", line 62, in run
    self.push()
  File "/home/quantumiracle/anaconda3/envs/x/lib/python3.7/site-packages/wandb/filesync/upload_job.py", line 113, in push
    _, upload_headers, result = self._api.upload_urls(project, [self.save_name])
  File "/home/quantumiracle/anaconda3/envs/x/lib/python3.7/site-packages/wandb/apis/normalize.py", line 64, in wrapper
    raise CommError(message, err).with_traceback(sys.exc_info()[2])
  File "/home/quantumiracle/anaconda3/envs/x/lib/python3.7/site-packages/wandb/apis/normalize.py", line 26, in wrapper
    return func(*args, **kwargs)
  File "/home/quantumiracle/anaconda3/envs/x/lib/python3.7/site-packages/wandb/sdk/internal/internal_api.py", line 1769, in upload_urls
    raise CommError(f"Run does not exist {entity}/{project}/{run_id}.")
wandb.errors.CommError: Run does not exist quantumiracle/dqn_ple/a10q7ipa.
