2023-03-02 11:28:45,963 INFO    StreamThr :402485 [internal.py:wandb_internal():90] W&B internal server running at pid: 402485, started at: 2023-03-02 11:28:45.963065
2023-03-02 11:28:45,965 DEBUG   HandlerThread:402485 [handler.py:handle_request():144] handle_request: status
2023-03-02 11:28:45,969 INFO    WriterThread:402485 [datastore.py:open_for_write():85] open: /home/quantumiracle/research/humanRL_prior_games/wandb/run-20230302_112845-n90xy8mg/run-n90xy8mg.wandb
2023-03-02 11:28:45,969 DEBUG   SenderThread:402485 [sender.py:send():336] send: header
2023-03-02 11:28:45,986 DEBUG   SenderThread:402485 [sender.py:send():336] send: run
2023-03-02 11:28:46,215 DEBUG   HandlerThread:402485 [handler.py:handle_request():144] handle_request: check_version
2023-03-02 11:28:46,217 INFO    SenderThread:402485 [dir_watcher.py:__init__():216] watching files in: /home/quantumiracle/research/humanRL_prior_games/wandb/run-20230302_112845-n90xy8mg/files
2023-03-02 11:28:46,217 INFO    SenderThread:402485 [sender.py:_start_run_threads():1070] run started: n90xy8mg with start time 1677774525.96491
2023-03-02 11:28:46,217 DEBUG   SenderThread:402485 [sender.py:send_request():363] send_request: summary_record
2023-03-02 11:28:46,218 INFO    SenderThread:402485 [sender.py:_save_file():1321] saving file wandb-summary.json with policy end
2023-03-02 11:28:46,218 DEBUG   SenderThread:402485 [sender.py:send_request():363] send_request: check_version
2023-03-02 11:28:46,271 DEBUG   HandlerThread:402485 [handler.py:handle_request():144] handle_request: run_start
2023-03-02 11:28:46,277 DEBUG   HandlerThread:402485 [system_info.py:__init__():31] System info init
2023-03-02 11:28:46,277 DEBUG   HandlerThread:402485 [system_info.py:__init__():46] System info init done
2023-03-02 11:28:46,277 INFO    HandlerThread:402485 [system_monitor.py:start():151] Starting system monitor
2023-03-02 11:28:46,277 INFO    SystemMonitor:402485 [system_monitor.py:_start():116] Starting system asset monitoring threads
2023-03-02 11:28:46,277 INFO    HandlerThread:402485 [system_monitor.py:probe():172] Collecting system info
2023-03-02 11:28:46,277 INFO    SystemMonitor:402485 [interfaces.py:start():168] Started cpu
2023-03-02 11:28:46,277 INFO    SystemMonitor:402485 [interfaces.py:start():168] Started disk
2023-03-02 11:28:46,277 INFO    SystemMonitor:402485 [interfaces.py:start():168] Started gpu
2023-03-02 11:28:46,278 INFO    SystemMonitor:402485 [interfaces.py:start():168] Started memory
2023-03-02 11:28:46,278 INFO    SystemMonitor:402485 [interfaces.py:start():168] Started network
2023-03-02 11:28:46,300 DEBUG   HandlerThread:402485 [system_info.py:probe():195] Probing system
2023-03-02 11:28:46,301 DEBUG   HandlerThread:402485 [system_info.py:_probe_git():180] Probing git
2023-03-02 11:28:46,313 DEBUG   HandlerThread:402485 [system_info.py:_probe_git():188] Probing git done
2023-03-02 11:28:46,314 DEBUG   HandlerThread:402485 [system_info.py:probe():241] Probing system done
2023-03-02 11:28:46,314 DEBUG   HandlerThread:402485 [system_monitor.py:probe():181] {'os': 'Linux-5.15.0-60-generic-x86_64-with-debian-bullseye-sid', 'python': '3.7.0', 'heartbeatAt': '2023-03-02T16:28:46.300667', 'startedAt': '2023-03-02T16:28:45.953572', 'docker': None, 'cuda': None, 'args': (), 'state': 'running', 'program': 'humanRL_gym_ple/modified_dqn_ple.py', 'codePath': 'humanRL_gym_ple/modified_dqn_ple.py', 'git': {'remote': 'https://github.com/rach0012/humanRL_prior_games.git', 'commit': 'c9fff26af5df3e1cdea023536da5fda114ba5c60'}, 'email': 'zhding@mail.ustc.edu.cn', 'root': '/home/quantumiracle/research/humanRL_prior_games', 'host': 'quantumiracle-XPS-8940', 'username': 'quantumiracle', 'executable': '/home/quantumiracle/anaconda3/envs/x/bin/python', 'cpu_count': 8, 'cpu_count_logical': 16, 'cpu_freq': {'current': 2773.1248125, 'min': 800.0, 'max': 4825.0}, 'cpu_freq_per_core': [{'current': 2500.0, 'min': 800.0, 'max': 4800.0}, {'current': 2500.0, 'min': 800.0, 'max': 4800.0}, {'current': 2500.0, 'min': 800.0, 'max': 4900.0}, {'current': 2500.0, 'min': 800.0, 'max': 4900.0}, {'current': 2500.0, 'min': 800.0, 'max': 4800.0}, {'current': 2500.0, 'min': 800.0, 'max': 4800.0}, {'current': 3367.223, 'min': 800.0, 'max': 4800.0}, {'current': 2500.0, 'min': 800.0, 'max': 4800.0}, {'current': 2500.0, 'min': 800.0, 'max': 4800.0}, {'current': 4188.073, 'min': 800.0, 'max': 4800.0}, {'current': 2500.0, 'min': 800.0, 'max': 4900.0}, {'current': 2500.0, 'min': 800.0, 'max': 4900.0}, {'current': 2500.0, 'min': 800.0, 'max': 4800.0}, {'current': 2500.0, 'min': 800.0, 'max': 4800.0}, {'current': 2500.0, 'min': 800.0, 'max': 4800.0}, {'current': 2500.0, 'min': 800.0, 'max': 4800.0}], 'disk': {'total': 915.3232879638672, 'used': 867.4357604980469}, 'gpu': 'NVIDIA GeForce RTX 3060 Ti', 'gpu_count': 1, 'gpu_devices': [{'name': 'NVIDIA GeForce RTX 3060 Ti', 'memory_total': 8589934592}], 'memory': {'total': 62.483726501464844}}
2023-03-02 11:28:46,314 INFO    HandlerThread:402485 [system_monitor.py:probe():182] Finished collecting system info
2023-03-02 11:28:46,314 INFO    HandlerThread:402485 [system_monitor.py:probe():185] Publishing system info
2023-03-02 11:28:46,314 DEBUG   HandlerThread:402485 [system_info.py:_save_pip():52] Saving list of pip packages installed into the current environment
2023-03-02 11:28:46,314 DEBUG   HandlerThread:402485 [system_info.py:_save_pip():67] Saving pip packages done
2023-03-02 11:28:46,314 DEBUG   HandlerThread:402485 [system_info.py:_save_conda():75] Saving list of conda packages installed into the current environment
2023-03-02 11:28:47,219 INFO    Thread-13 :402485 [dir_watcher.py:_on_file_created():275] file/dir created: /home/quantumiracle/research/humanRL_prior_games/wandb/run-20230302_112845-n90xy8mg/files/wandb-summary.json
2023-03-02 11:28:47,219 INFO    Thread-13 :402485 [dir_watcher.py:_on_file_created():275] file/dir created: /home/quantumiracle/research/humanRL_prior_games/wandb/run-20230302_112845-n90xy8mg/files/requirements.txt
2023-03-02 11:28:47,219 INFO    Thread-13 :402485 [dir_watcher.py:_on_file_created():275] file/dir created: /home/quantumiracle/research/humanRL_prior_games/wandb/run-20230302_112845-n90xy8mg/files/conda-environment.yaml
2023-03-02 11:28:49,249 DEBUG   HandlerThread:402485 [system_info.py:_save_conda():86] Saving conda packages done
2023-03-02 11:28:49,249 DEBUG   HandlerThread:402485 [system_info.py:_save_code():89] Saving code
2023-03-02 11:28:49,255 DEBUG   HandlerThread:402485 [system_info.py:_save_code():110] Saving code done
2023-03-02 11:28:49,255 DEBUG   HandlerThread:402485 [system_info.py:_save_patches():127] Saving git patches
2023-03-02 11:28:49,285 DEBUG   HandlerThread:402485 [system_info.py:_save_patches():169] Saving git patches done
2023-03-02 11:28:49,285 INFO    HandlerThread:402485 [system_monitor.py:probe():187] Finished publishing system info
2023-03-02 11:28:49,289 DEBUG   SenderThread:402485 [sender.py:send():336] send: files
2023-03-02 11:28:49,289 INFO    SenderThread:402485 [sender.py:_save_file():1321] saving file wandb-metadata.json with policy now
2023-03-02 11:28:49,289 INFO    SenderThread:402485 [sender.py:_save_file():1321] saving file code/humanRL_gym_ple/modified_dqn_ple.py with policy now
2023-03-02 11:28:49,290 INFO    SenderThread:402485 [sender.py:_save_file():1321] saving file diff.patch with policy now
2023-03-02 11:28:49,295 DEBUG   HandlerThread:402485 [handler.py:handle_request():144] handle_request: stop_status
2023-03-02 11:28:49,295 DEBUG   SenderThread:402485 [sender.py:send():336] send: telemetry
2023-03-02 11:28:49,295 DEBUG   SenderThread:402485 [sender.py:send_request():363] send_request: stop_status
2023-03-02 11:28:49,386 INFO    wandb-upload_1:402485 [upload_job.py:push():118] Skipped uploading /tmp/tmpfce9_aqqwandb/6mmlzjdv-code/humanRL_gym_ple/modified_dqn_ple.py
2023-03-02 11:28:49,703 INFO    wandb-upload_0:402485 [upload_job.py:push():138] Uploaded file /tmp/tmpfce9_aqqwandb/fqm88vkg-wandb-metadata.json
2023-03-02 11:28:49,786 INFO    wandb-upload_2:402485 [upload_job.py:push():138] Uploaded file /tmp/tmpfce9_aqqwandb/pwywoa9q-diff.patch
2023-03-02 11:28:50,219 INFO    Thread-13 :402485 [dir_watcher.py:_on_file_created():275] file/dir created: /home/quantumiracle/research/humanRL_prior_games/wandb/run-20230302_112845-n90xy8mg/files/code/humanRL_gym_ple/modified_dqn_ple.py
2023-03-02 11:28:50,219 INFO    Thread-13 :402485 [dir_watcher.py:_on_file_created():275] file/dir created: /home/quantumiracle/research/humanRL_prior_games/wandb/run-20230302_112845-n90xy8mg/files/output.log
2023-03-02 11:28:50,219 INFO    Thread-13 :402485 [dir_watcher.py:_on_file_created():275] file/dir created: /home/quantumiracle/research/humanRL_prior_games/wandb/run-20230302_112845-n90xy8mg/files/diff.patch
2023-03-02 11:28:50,219 INFO    Thread-13 :402485 [dir_watcher.py:_on_file_created():275] file/dir created: /home/quantumiracle/research/humanRL_prior_games/wandb/run-20230302_112845-n90xy8mg/files/wandb-metadata.json
2023-03-02 11:28:50,220 INFO    Thread-13 :402485 [dir_watcher.py:_on_file_created():275] file/dir created: /home/quantumiracle/research/humanRL_prior_games/wandb/run-20230302_112845-n90xy8mg/files/code/humanRL_gym_ple
2023-03-02 11:28:50,220 INFO    Thread-13 :402485 [dir_watcher.py:_on_file_created():275] file/dir created: /home/quantumiracle/research/humanRL_prior_games/wandb/run-20230302_112845-n90xy8mg/files/code
2023-03-02 11:28:51,160 INFO    HandlerThread:402485 [handler.py:handle_tbrecord():748] handling tbrecord: tbrecord {
  log_dir: "runs/smallGame"
  save: true
}
control {
  relay_id: "91bbf1377a0c401088438b627cc76d10"
}
_info {
  stream_id: "n90xy8mg"
}

2023-03-02 11:28:51,161 DEBUG   HandlerThread:402485 [config_util.py:dict_from_config_file():100] no default config file found in config-defaults.yaml
2023-03-02 11:28:51,179 DEBUG   SenderThread:402485 [sender.py:send():336] send: tbrecord
2023-03-02 11:28:51,180 DEBUG   HandlerThread:402485 [handler.py:handle_request():144] handle_request: status_report
2023-03-02 11:28:51,967 DEBUG   SenderThread:402485 [sender.py:send():336] send: files
2023-03-02 11:28:51,967 INFO    SenderThread:402485 [sender.py:_save_file():1321] saving file events.out.tfevents.1677774531.quantumiracle-XPS-8940.402457.0 with policy live
2023-03-02 11:28:52,277 INFO    Thread-13 :402485 [dir_watcher.py:_on_file_modified():292] file/dir modified: /home/quantumiracle/research/humanRL_prior_games/wandb/run-20230302_112845-n90xy8mg/files/output.log
2023-03-02 11:28:52,278 INFO    Thread-13 :402485 [dir_watcher.py:_on_file_created():275] file/dir created: /home/quantumiracle/research/humanRL_prior_games/wandb/run-20230302_112845-n90xy8mg/files/events.out.tfevents.1677774531.quantumiracle-XPS-8940.402457.0
2023-03-02 11:28:52,358 INFO    wandb-upload_3:402485 [upload_job.py:push():138] Uploaded file /tmp/tmpfce9_aqqwandb/roi4sjr4-events.out.tfevents.1677774531.quantumiracle-XPS-8940.402457.0
2023-03-02 11:28:53,277 INFO    Thread-13 :402485 [dir_watcher.py:_on_file_modified():292] file/dir modified: /home/quantumiracle/research/humanRL_prior_games/wandb/run-20230302_112845-n90xy8mg/files/output.log
2023-03-02 11:28:54,278 INFO    Thread-13 :402485 [dir_watcher.py:_on_file_modified():292] file/dir modified: /home/quantumiracle/research/humanRL_prior_games/wandb/run-20230302_112845-n90xy8mg/files/output.log
2023-03-02 11:28:55,278 INFO    Thread-13 :402485 [dir_watcher.py:_on_file_modified():292] file/dir modified: /home/quantumiracle/research/humanRL_prior_games/wandb/run-20230302_112845-n90xy8mg/files/output.log
2023-03-02 11:28:56,768 DEBUG   HandlerThread:402485 [handler.py:handle_request():144] handle_request: status_report
2023-03-02 11:28:57,279 INFO    Thread-13 :402485 [dir_watcher.py:_on_file_modified():292] file/dir modified: /home/quantumiracle/research/humanRL_prior_games/wandb/run-20230302_112845-n90xy8mg/files/output.log
2023-03-02 11:29:02,330 DEBUG   HandlerThread:402485 [handler.py:handle_request():144] handle_request: status_report
2023-03-02 11:29:03,281 INFO    Thread-13 :402485 [dir_watcher.py:_on_file_modified():292] file/dir modified: /home/quantumiracle/research/humanRL_prior_games/wandb/run-20230302_112845-n90xy8mg/files/output.log
2023-03-02 11:29:04,293 DEBUG   HandlerThread:402485 [handler.py:handle_request():144] handle_request: keepalive
2023-03-02 11:29:04,294 DEBUG   HandlerThread:402485 [handler.py:handle_request():144] handle_request: keepalive
2023-03-02 11:29:05,282 INFO    Thread-13 :402485 [dir_watcher.py:_on_file_modified():292] file/dir modified: /home/quantumiracle/research/humanRL_prior_games/wandb/run-20230302_112845-n90xy8mg/files/output.log
2023-03-02 11:29:07,282 INFO    Thread-13 :402485 [dir_watcher.py:_on_file_modified():292] file/dir modified: /home/quantumiracle/research/humanRL_prior_games/wandb/run-20230302_112845-n90xy8mg/files/output.log
2023-03-02 11:29:07,538 DEBUG   HandlerThread:402485 [handler.py:handle_request():144] handle_request: status_report
2023-03-02 11:29:09,283 INFO    Thread-13 :402485 [dir_watcher.py:_on_file_modified():292] file/dir modified: /home/quantumiracle/research/humanRL_prior_games/wandb/run-20230302_112845-n90xy8mg/files/output.log
2023-03-02 11:29:09,295 DEBUG   HandlerThread:402485 [handler.py:handle_request():144] handle_request: keepalive
2023-03-02 11:29:11,284 INFO    Thread-13 :402485 [dir_watcher.py:_on_file_modified():292] file/dir modified: /home/quantumiracle/research/humanRL_prior_games/wandb/run-20230302_112845-n90xy8mg/files/output.log
2023-03-02 11:29:12,679 DEBUG   HandlerThread:402485 [handler.py:handle_request():144] handle_request: status_report
2023-03-02 11:29:13,285 INFO    Thread-13 :402485 [dir_watcher.py:_on_file_modified():292] file/dir modified: /home/quantumiracle/research/humanRL_prior_games/wandb/run-20230302_112845-n90xy8mg/files/output.log
2023-03-02 11:29:14,296 DEBUG   HandlerThread:402485 [handler.py:handle_request():144] handle_request: keepalive
2023-03-02 11:29:15,286 INFO    Thread-13 :402485 [dir_watcher.py:_on_file_modified():292] file/dir modified: /home/quantumiracle/research/humanRL_prior_games/wandb/run-20230302_112845-n90xy8mg/files/output.log
2023-03-02 11:29:17,286 INFO    Thread-13 :402485 [dir_watcher.py:_on_file_modified():292] file/dir modified: /home/quantumiracle/research/humanRL_prior_games/wandb/run-20230302_112845-n90xy8mg/files/output.log
2023-03-02 11:29:17,908 DEBUG   HandlerThread:402485 [handler.py:handle_request():144] handle_request: status_report
2023-03-02 11:29:18,287 INFO    Thread-13 :402485 [dir_watcher.py:_on_file_modified():292] file/dir modified: /home/quantumiracle/research/humanRL_prior_games/wandb/run-20230302_112845-n90xy8mg/files/config.yaml
2023-03-02 11:29:19,287 INFO    Thread-13 :402485 [dir_watcher.py:_on_file_modified():292] file/dir modified: /home/quantumiracle/research/humanRL_prior_games/wandb/run-20230302_112845-n90xy8mg/files/output.log
2023-03-02 11:29:19,297 DEBUG   HandlerThread:402485 [handler.py:handle_request():144] handle_request: keepalive
2023-03-02 11:29:20,072 DEBUG   SenderThread:402485 [sender.py:send():336] send: history
2023-03-02 11:29:20,074 DEBUG   SenderThread:402485 [sender.py:send_request():363] send_request: summary_record
2023-03-02 11:29:20,074 INFO    SenderThread:402485 [sender.py:_save_file():1321] saving file wandb-summary.json with policy end
2023-03-02 11:29:20,074 DEBUG   SenderThread:402485 [sender.py:send():336] send: history
2023-03-02 11:29:20,074 DEBUG   SenderThread:402485 [sender.py:send_request():363] send_request: summary_record
2023-03-02 11:29:20,075 INFO    SenderThread:402485 [sender.py:_save_file():1321] saving file wandb-summary.json with policy end
2023-03-02 11:29:20,075 DEBUG   SenderThread:402485 [sender.py:send():336] send: history
2023-03-02 11:29:20,075 DEBUG   SenderThread:402485 [sender.py:send_request():363] send_request: summary_record
2023-03-02 11:29:20,075 INFO    SenderThread:402485 [sender.py:_save_file():1321] saving file wandb-summary.json with policy end
2023-03-02 11:29:20,075 DEBUG   SenderThread:402485 [sender.py:send():336] send: history
2023-03-02 11:29:20,076 DEBUG   SenderThread:402485 [sender.py:send_request():363] send_request: summary_record
2023-03-02 11:29:20,076 INFO    SenderThread:402485 [sender.py:_save_file():1321] saving file wandb-summary.json with policy end
2023-03-02 11:29:20,076 DEBUG   SenderThread:402485 [sender.py:send():336] send: history
2023-03-02 11:29:20,076 DEBUG   SenderThread:402485 [sender.py:send_request():363] send_request: summary_record
2023-03-02 11:29:20,076 INFO    SenderThread:402485 [sender.py:_save_file():1321] saving file wandb-summary.json with policy end
2023-03-02 11:29:20,076 DEBUG   SenderThread:402485 [sender.py:send():336] send: history
2023-03-02 11:29:20,076 DEBUG   SenderThread:402485 [sender.py:send_request():363] send_request: summary_record
2023-03-02 11:29:20,077 INFO    SenderThread:402485 [sender.py:_save_file():1321] saving file wandb-summary.json with policy end
2023-03-02 11:29:20,077 DEBUG   SenderThread:402485 [sender.py:send():336] send: history
2023-03-02 11:29:20,077 DEBUG   SenderThread:402485 [sender.py:send_request():363] send_request: summary_record
2023-03-02 11:29:20,077 INFO    SenderThread:402485 [sender.py:_save_file():1321] saving file wandb-summary.json with policy end
2023-03-02 11:29:20,077 DEBUG   SenderThread:402485 [sender.py:send():336] send: history
2023-03-02 11:29:20,077 DEBUG   SenderThread:402485 [sender.py:send_request():363] send_request: summary_record
2023-03-02 11:29:20,077 INFO    SenderThread:402485 [sender.py:_save_file():1321] saving file wandb-summary.json with policy end
2023-03-02 11:29:20,077 DEBUG   SenderThread:402485 [sender.py:send():336] send: history
2023-03-02 11:29:20,078 DEBUG   SenderThread:402485 [sender.py:send_request():363] send_request: summary_record
2023-03-02 11:29:20,078 INFO    SenderThread:402485 [sender.py:_save_file():1321] saving file wandb-summary.json with policy end
2023-03-02 11:29:20,078 DEBUG   SenderThread:402485 [sender.py:send():336] send: history
2023-03-02 11:29:20,078 DEBUG   SenderThread:402485 [sender.py:send_request():363] send_request: summary_record
2023-03-02 11:29:20,078 INFO    SenderThread:402485 [sender.py:_save_file():1321] saving file wandb-summary.json with policy end
2023-03-02 11:29:20,078 DEBUG   SenderThread:402485 [sender.py:send():336] send: history
2023-03-02 11:29:20,078 DEBUG   SenderThread:402485 [sender.py:send_request():363] send_request: summary_record
2023-03-02 11:29:20,078 INFO    SenderThread:402485 [sender.py:_save_file():1321] saving file wandb-summary.json with policy end
2023-03-02 11:29:20,079 DEBUG   SenderThread:402485 [sender.py:send():336] send: history
2023-03-02 11:29:20,079 DEBUG   SenderThread:402485 [sender.py:send_request():363] send_request: summary_record
2023-03-02 11:29:20,079 INFO    SenderThread:402485 [sender.py:_save_file():1321] saving file wandb-summary.json with policy end
2023-03-02 11:29:20,079 DEBUG   SenderThread:402485 [sender.py:send():336] send: history
2023-03-02 11:29:20,079 DEBUG   SenderThread:402485 [sender.py:send_request():363] send_request: summary_record
2023-03-02 11:29:20,079 INFO    SenderThread:402485 [sender.py:_save_file():1321] saving file wandb-summary.json with policy end
2023-03-02 11:29:20,079 DEBUG   SenderThread:402485 [sender.py:send():336] send: history
2023-03-02 11:29:20,079 DEBUG   SenderThread:402485 [sender.py:send_request():363] send_request: summary_record
2023-03-02 11:29:20,080 INFO    SenderThread:402485 [sender.py:_save_file():1321] saving file wandb-summary.json with policy end
2023-03-02 11:29:20,080 DEBUG   SenderThread:402485 [sender.py:send():336] send: history
2023-03-02 11:29:20,080 DEBUG   SenderThread:402485 [sender.py:send_request():363] send_request: summary_record
2023-03-02 11:29:20,080 INFO    SenderThread:402485 [sender.py:_save_file():1321] saving file wandb-summary.json with policy end
2023-03-02 11:29:20,080 DEBUG   SenderThread:402485 [sender.py:send():336] send: history
2023-03-02 11:29:20,080 DEBUG   SenderThread:402485 [sender.py:send_request():363] send_request: summary_record
2023-03-02 11:29:20,080 INFO    SenderThread:402485 [sender.py:_save_file():1321] saving file wandb-summary.json with policy end
2023-03-02 11:29:20,080 DEBUG   SenderThread:402485 [sender.py:send():336] send: history
2023-03-02 11:29:20,081 DEBUG   SenderThread:402485 [sender.py:send_request():363] send_request: summary_record
2023-03-02 11:29:20,081 INFO    SenderThread:402485 [sender.py:_save_file():1321] saving file wandb-summary.json with policy end
2023-03-02 11:29:20,081 DEBUG   SenderThread:402485 [sender.py:send():336] send: history
2023-03-02 11:29:20,081 DEBUG   SenderThread:402485 [sender.py:send_request():363] send_request: summary_record
2023-03-02 11:29:20,082 INFO    SenderThread:402485 [sender.py:_save_file():1321] saving file wandb-summary.json with policy end
2023-03-02 11:29:20,082 DEBUG   SenderThread:402485 [sender.py:send():336] send: history
2023-03-02 11:29:20,082 DEBUG   SenderThread:402485 [sender.py:send_request():363] send_request: summary_record
2023-03-02 11:29:20,082 INFO    SenderThread:402485 [sender.py:_save_file():1321] saving file wandb-summary.json with policy end
2023-03-02 11:29:20,288 INFO    Thread-13 :402485 [dir_watcher.py:_on_file_modified():292] file/dir modified: /home/quantumiracle/research/humanRL_prior_games/wandb/run-20230302_112845-n90xy8mg/files/wandb-summary.json
2023-03-02 11:29:20,288 INFO    Thread-13 :402485 [dir_watcher.py:_on_file_modified():292] file/dir modified: /home/quantumiracle/research/humanRL_prior_games/wandb/run-20230302_112845-n90xy8mg/files/events.out.tfevents.1677774531.quantumiracle-XPS-8940.402457.0
2023-03-02 11:29:21,288 INFO    Thread-13 :402485 [dir_watcher.py:_on_file_modified():292] file/dir modified: /home/quantumiracle/research/humanRL_prior_games/wandb/run-20230302_112845-n90xy8mg/files/output.log
2023-03-02 11:29:23,204 DEBUG   HandlerThread:402485 [handler.py:handle_request():144] handle_request: status_report
2023-03-02 11:29:23,289 INFO    Thread-13 :402485 [dir_watcher.py:_on_file_modified():292] file/dir modified: /home/quantumiracle/research/humanRL_prior_games/wandb/run-20230302_112845-n90xy8mg/files/output.log
2023-03-02 11:29:24,297 DEBUG   HandlerThread:402485 [handler.py:handle_request():144] handle_request: keepalive
2023-03-02 11:29:25,290 INFO    Thread-13 :402485 [dir_watcher.py:_on_file_modified():292] file/dir modified: /home/quantumiracle/research/humanRL_prior_games/wandb/run-20230302_112845-n90xy8mg/files/output.log
2023-03-02 11:29:27,290 INFO    Thread-13 :402485 [dir_watcher.py:_on_file_modified():292] file/dir modified: /home/quantumiracle/research/humanRL_prior_games/wandb/run-20230302_112845-n90xy8mg/files/output.log
2023-03-02 11:29:28,816 DEBUG   HandlerThread:402485 [handler.py:handle_request():144] handle_request: status_report
2023-03-02 11:29:29,291 INFO    Thread-13 :402485 [dir_watcher.py:_on_file_modified():292] file/dir modified: /home/quantumiracle/research/humanRL_prior_games/wandb/run-20230302_112845-n90xy8mg/files/output.log
2023-03-02 11:29:29,298 DEBUG   HandlerThread:402485 [handler.py:handle_request():144] handle_request: keepalive
2023-03-02 11:29:31,292 INFO    Thread-13 :402485 [dir_watcher.py:_on_file_modified():292] file/dir modified: /home/quantumiracle/research/humanRL_prior_games/wandb/run-20230302_112845-n90xy8mg/files/output.log
2023-03-02 11:29:33,868 DEBUG   HandlerThread:402485 [handler.py:handle_request():144] handle_request: status_report
2023-03-02 11:29:34,299 DEBUG   HandlerThread:402485 [handler.py:handle_request():144] handle_request: keepalive
2023-03-02 11:29:35,293 INFO    Thread-13 :402485 [dir_watcher.py:_on_file_modified():292] file/dir modified: /home/quantumiracle/research/humanRL_prior_games/wandb/run-20230302_112845-n90xy8mg/files/output.log
2023-03-02 11:29:37,294 INFO    Thread-13 :402485 [dir_watcher.py:_on_file_modified():292] file/dir modified: /home/quantumiracle/research/humanRL_prior_games/wandb/run-20230302_112845-n90xy8mg/files/output.log
2023-03-02 11:29:39,299 DEBUG   HandlerThread:402485 [handler.py:handle_request():144] handle_request: keepalive
2023-03-02 11:29:39,371 DEBUG   HandlerThread:402485 [handler.py:handle_request():144] handle_request: status_report
2023-03-02 11:29:41,295 INFO    Thread-13 :402485 [dir_watcher.py:_on_file_modified():292] file/dir modified: /home/quantumiracle/research/humanRL_prior_games/wandb/run-20230302_112845-n90xy8mg/files/events.out.tfevents.1677774531.quantumiracle-XPS-8940.402457.0
2023-03-02 11:29:42,187 DEBUG   SenderThread:402485 [sender.py:send():336] send: history
2023-03-02 11:29:42,187 DEBUG   SenderThread:402485 [sender.py:send_request():363] send_request: summary_record
2023-03-02 11:29:42,190 INFO    SenderThread:402485 [sender.py:_save_file():1321] saving file wandb-summary.json with policy end
2023-03-02 11:29:42,190 DEBUG   SenderThread:402485 [sender.py:send():336] send: history
2023-03-02 11:29:42,190 DEBUG   SenderThread:402485 [sender.py:send_request():363] send_request: summary_record
2023-03-02 11:29:42,191 INFO    SenderThread:402485 [sender.py:_save_file():1321] saving file wandb-summary.json with policy end
2023-03-02 11:29:42,191 DEBUG   SenderThread:402485 [sender.py:send():336] send: history
2023-03-02 11:29:42,191 DEBUG   SenderThread:402485 [sender.py:send_request():363] send_request: summary_record
2023-03-02 11:29:42,236 INFO    SenderThread:402485 [sender.py:_save_file():1321] saving file wandb-summary.json with policy end
2023-03-02 11:29:42,236 DEBUG   SenderThread:402485 [sender.py:send():336] send: history
2023-03-02 11:29:42,236 DEBUG   SenderThread:402485 [sender.py:send_request():363] send_request: summary_record
2023-03-02 11:29:42,253 INFO    SenderThread:402485 [sender.py:_save_file():1321] saving file wandb-summary.json with policy end
2023-03-02 11:29:42,253 DEBUG   SenderThread:402485 [sender.py:send():336] send: history
2023-03-02 11:29:42,254 DEBUG   SenderThread:402485 [sender.py:send_request():363] send_request: summary_record
2023-03-02 11:29:42,254 INFO    SenderThread:402485 [sender.py:_save_file():1321] saving file wandb-summary.json with policy end
2023-03-02 11:29:42,254 DEBUG   SenderThread:402485 [sender.py:send():336] send: history
2023-03-02 11:29:42,254 DEBUG   SenderThread:402485 [sender.py:send_request():363] send_request: summary_record
2023-03-02 11:29:42,254 INFO    SenderThread:402485 [sender.py:_save_file():1321] saving file wandb-summary.json with policy end
2023-03-02 11:29:42,254 DEBUG   SenderThread:402485 [sender.py:send():336] send: history
2023-03-02 11:29:42,254 DEBUG   SenderThread:402485 [sender.py:send_request():363] send_request: summary_record
2023-03-02 11:29:42,254 INFO    SenderThread:402485 [sender.py:_save_file():1321] saving file wandb-summary.json with policy end
2023-03-02 11:29:42,254 DEBUG   SenderThread:402485 [sender.py:send():336] send: history
2023-03-02 11:29:42,254 DEBUG   SenderThread:402485 [sender.py:send_request():363] send_request: summary_record
2023-03-02 11:29:42,255 INFO    SenderThread:402485 [sender.py:_save_file():1321] saving file wandb-summary.json with policy end
2023-03-02 11:29:42,255 DEBUG   SenderThread:402485 [sender.py:send():336] send: history
2023-03-02 11:29:42,255 DEBUG   SenderThread:402485 [sender.py:send_request():363] send_request: summary_record
2023-03-02 11:29:42,255 INFO    SenderThread:402485 [sender.py:_save_file():1321] saving file wandb-summary.json with policy end
2023-03-02 11:29:42,255 DEBUG   SenderThread:402485 [sender.py:send():336] send: history
2023-03-02 11:29:42,255 DEBUG   SenderThread:402485 [sender.py:send_request():363] send_request: summary_record
2023-03-02 11:29:42,255 INFO    SenderThread:402485 [sender.py:_save_file():1321] saving file wandb-summary.json with policy end
2023-03-02 11:29:42,255 DEBUG   SenderThread:402485 [sender.py:send():336] send: history
2023-03-02 11:29:42,255 DEBUG   SenderThread:402485 [sender.py:send_request():363] send_request: summary_record
2023-03-02 11:29:42,255 INFO    SenderThread:402485 [sender.py:_save_file():1321] saving file wandb-summary.json with policy end
2023-03-02 11:29:42,255 DEBUG   SenderThread:402485 [sender.py:send():336] send: history
2023-03-02 11:29:42,255 DEBUG   SenderThread:402485 [sender.py:send_request():363] send_request: summary_record
2023-03-02 11:29:42,256 INFO    SenderThread:402485 [sender.py:_save_file():1321] saving file wandb-summary.json with policy end
2023-03-02 11:29:42,256 DEBUG   SenderThread:402485 [sender.py:send():336] send: history
2023-03-02 11:29:42,256 DEBUG   SenderThread:402485 [sender.py:send_request():363] send_request: summary_record
2023-03-02 11:29:42,256 INFO    SenderThread:402485 [sender.py:_save_file():1321] saving file wandb-summary.json with policy end
2023-03-02 11:29:42,256 DEBUG   SenderThread:402485 [sender.py:send():336] send: history
2023-03-02 11:29:42,256 DEBUG   SenderThread:402485 [sender.py:send_request():363] send_request: summary_record
2023-03-02 11:29:42,256 INFO    SenderThread:402485 [sender.py:_save_file():1321] saving file wandb-summary.json with policy end
2023-03-02 11:29:42,256 DEBUG   SenderThread:402485 [sender.py:send():336] send: history
2023-03-02 11:29:42,256 DEBUG   SenderThread:402485 [sender.py:send_request():363] send_request: summary_record
2023-03-02 11:29:42,256 INFO    SenderThread:402485 [sender.py:_save_file():1321] saving file wandb-summary.json with policy end
2023-03-02 11:29:42,256 DEBUG   SenderThread:402485 [sender.py:send():336] send: history
2023-03-02 11:29:42,256 DEBUG   SenderThread:402485 [sender.py:send_request():363] send_request: summary_record
2023-03-02 11:29:42,257 INFO    SenderThread:402485 [sender.py:_save_file():1321] saving file wandb-summary.json with policy end
2023-03-02 11:29:42,296 INFO    Thread-13 :402485 [dir_watcher.py:_on_file_modified():292] file/dir modified: /home/quantumiracle/research/humanRL_prior_games/wandb/run-20230302_112845-n90xy8mg/files/wandb-summary.json
2023-03-02 11:29:43,296 INFO    Thread-13 :402485 [dir_watcher.py:_on_file_modified():292] file/dir modified: /home/quantumiracle/research/humanRL_prior_games/wandb/run-20230302_112845-n90xy8mg/files/output.log
2023-03-02 11:29:44,300 DEBUG   HandlerThread:402485 [handler.py:handle_request():144] handle_request: keepalive
2023-03-02 11:29:45,268 DEBUG   HandlerThread:402485 [handler.py:handle_request():144] handle_request: status_report
2023-03-02 11:29:46,278 DEBUG   SystemMonitor:402485 [system_monitor.py:_start():130] Starting system metrics aggregation loop
2023-03-02 11:29:46,279 DEBUG   SenderThread:402485 [sender.py:send():336] send: stats
2023-03-02 11:29:47,297 INFO    Thread-13 :402485 [dir_watcher.py:_on_file_modified():292] file/dir modified: /home/quantumiracle/research/humanRL_prior_games/wandb/run-20230302_112845-n90xy8mg/files/output.log
2023-03-02 11:29:49,298 INFO    Thread-13 :402485 [dir_watcher.py:_on_file_modified():292] file/dir modified: /home/quantumiracle/research/humanRL_prior_games/wandb/run-20230302_112845-n90xy8mg/files/output.log
2023-03-02 11:29:49,301 DEBUG   HandlerThread:402485 [handler.py:handle_request():144] handle_request: keepalive
2023-03-02 11:29:50,393 DEBUG   HandlerThread:402485 [handler.py:handle_request():144] handle_request: status_report
2023-03-02 11:29:51,299 INFO    Thread-13 :402485 [dir_watcher.py:_on_file_modified():292] file/dir modified: /home/quantumiracle/research/humanRL_prior_games/wandb/run-20230302_112845-n90xy8mg/files/output.log
2023-03-02 11:29:53,300 INFO    Thread-13 :402485 [dir_watcher.py:_on_file_modified():292] file/dir modified: /home/quantumiracle/research/humanRL_prior_games/wandb/run-20230302_112845-n90xy8mg/files/output.log
2023-03-02 11:29:54,302 DEBUG   HandlerThread:402485 [handler.py:handle_request():144] handle_request: keepalive
2023-03-02 11:29:55,301 INFO    Thread-13 :402485 [dir_watcher.py:_on_file_modified():292] file/dir modified: /home/quantumiracle/research/humanRL_prior_games/wandb/run-20230302_112845-n90xy8mg/files/output.log
2023-03-02 11:29:56,203 DEBUG   HandlerThread:402485 [handler.py:handle_request():144] handle_request: status_report
2023-03-02 11:29:59,303 DEBUG   HandlerThread:402485 [handler.py:handle_request():144] handle_request: keepalive
2023-03-02 11:30:01,295 DEBUG   SenderThread:402485 [sender.py:send():336] send: history
2023-03-02 11:30:01,297 DEBUG   SenderThread:402485 [sender.py:send_request():363] send_request: summary_record
2023-03-02 11:30:01,297 DEBUG   HandlerThread:402485 [handler.py:handle_request():144] handle_request: status_report
2023-03-02 11:30:01,297 INFO    SenderThread:402485 [sender.py:_save_file():1321] saving file wandb-summary.json with policy end
2023-03-02 11:30:01,297 DEBUG   SenderThread:402485 [sender.py:send():336] send: history
2023-03-02 11:30:01,297 DEBUG   SenderThread:402485 [sender.py:send_request():363] send_request: summary_record
2023-03-02 11:30:01,304 INFO    Thread-13 :402485 [dir_watcher.py:_on_file_modified():292] file/dir modified: /home/quantumiracle/research/humanRL_prior_games/wandb/run-20230302_112845-n90xy8mg/files/output.log
2023-03-02 11:30:01,304 INFO    Thread-13 :402485 [dir_watcher.py:_on_file_modified():292] file/dir modified: /home/quantumiracle/research/humanRL_prior_games/wandb/run-20230302_112845-n90xy8mg/files/wandb-summary.json
2023-03-02 11:30:01,304 INFO    Thread-13 :402485 [dir_watcher.py:_on_file_modified():292] file/dir modified: /home/quantumiracle/research/humanRL_prior_games/wandb/run-20230302_112845-n90xy8mg/files/events.out.tfevents.1677774531.quantumiracle-XPS-8940.402457.0
2023-03-02 11:30:01,307 INFO    SenderThread:402485 [sender.py:_save_file():1321] saving file wandb-summary.json with policy end
2023-03-02 11:30:01,307 DEBUG   SenderThread:402485 [sender.py:send():336] send: history
2023-03-02 11:30:01,307 DEBUG   SenderThread:402485 [sender.py:send_request():363] send_request: summary_record
2023-03-02 11:30:01,337 INFO    SenderThread:402485 [sender.py:_save_file():1321] saving file wandb-summary.json with policy end
2023-03-02 11:30:01,337 DEBUG   SenderThread:402485 [sender.py:send():336] send: history
2023-03-02 11:30:01,337 DEBUG   SenderThread:402485 [sender.py:send_request():363] send_request: summary_record
2023-03-02 11:30:01,338 INFO    SenderThread:402485 [sender.py:_save_file():1321] saving file wandb-summary.json with policy end
2023-03-02 11:30:01,338 DEBUG   SenderThread:402485 [sender.py:send():336] send: history
2023-03-02 11:30:01,338 DEBUG   SenderThread:402485 [sender.py:send_request():363] send_request: summary_record
2023-03-02 11:30:01,375 INFO    SenderThread:402485 [sender.py:_save_file():1321] saving file wandb-summary.json with policy end
2023-03-02 11:30:01,375 DEBUG   SenderThread:402485 [sender.py:send():336] send: history
2023-03-02 11:30:01,376 DEBUG   SenderThread:402485 [sender.py:send_request():363] send_request: summary_record
2023-03-02 11:30:01,398 INFO    SenderThread:402485 [sender.py:_save_file():1321] saving file wandb-summary.json with policy end
2023-03-02 11:30:01,399 DEBUG   SenderThread:402485 [sender.py:send():336] send: history
2023-03-02 11:30:01,399 DEBUG   SenderThread:402485 [sender.py:send_request():363] send_request: summary_record
2023-03-02 11:30:01,436 INFO    SenderThread:402485 [sender.py:_save_file():1321] saving file wandb-summary.json with policy end
2023-03-02 11:30:01,436 DEBUG   SenderThread:402485 [sender.py:send():336] send: history
2023-03-02 11:30:01,437 DEBUG   SenderThread:402485 [sender.py:send_request():363] send_request: summary_record
2023-03-02 11:30:01,458 INFO    SenderThread:402485 [sender.py:_save_file():1321] saving file wandb-summary.json with policy end
2023-03-02 11:30:01,459 DEBUG   SenderThread:402485 [sender.py:send():336] send: history
2023-03-02 11:30:01,459 DEBUG   SenderThread:402485 [sender.py:send_request():363] send_request: summary_record
2023-03-02 11:30:01,459 INFO    SenderThread:402485 [sender.py:_save_file():1321] saving file wandb-summary.json with policy end
2023-03-02 11:30:01,459 DEBUG   SenderThread:402485 [sender.py:send():336] send: history
2023-03-02 11:30:01,459 DEBUG   SenderThread:402485 [sender.py:send_request():363] send_request: summary_record
2023-03-02 11:30:01,489 INFO    SenderThread:402485 [sender.py:_save_file():1321] saving file wandb-summary.json with policy end
2023-03-02 11:30:01,489 DEBUG   SenderThread:402485 [sender.py:send():336] send: history
2023-03-02 11:30:01,490 DEBUG   SenderThread:402485 [sender.py:send_request():363] send_request: summary_record
2023-03-02 11:30:01,509 INFO    SenderThread:402485 [sender.py:_save_file():1321] saving file wandb-summary.json with policy end
2023-03-02 11:30:01,509 DEBUG   SenderThread:402485 [sender.py:send():336] send: history
2023-03-02 11:30:01,510 DEBUG   SenderThread:402485 [sender.py:send_request():363] send_request: summary_record
2023-03-02 11:30:01,510 INFO    SenderThread:402485 [sender.py:_save_file():1321] saving file wandb-summary.json with policy end
2023-03-02 11:30:01,815 INFO    wandb-upload_4:402485 [upload_job.py:push():138] Uploaded file /tmp/tmpfce9_aqqwandb/p847fqsn-events.out.tfevents.1677774531.quantumiracle-XPS-8940.402457.0
2023-03-02 11:30:02,305 INFO    Thread-13 :402485 [dir_watcher.py:_on_file_modified():292] file/dir modified: /home/quantumiracle/research/humanRL_prior_games/wandb/run-20230302_112845-n90xy8mg/files/wandb-summary.json
2023-03-02 11:30:03,306 INFO    Thread-13 :402485 [dir_watcher.py:_on_file_modified():292] file/dir modified: /home/quantumiracle/research/humanRL_prior_games/wandb/run-20230302_112845-n90xy8mg/files/output.log
2023-03-02 11:30:04,304 DEBUG   HandlerThread:402485 [handler.py:handle_request():144] handle_request: keepalive
2023-03-02 11:30:05,306 INFO    Thread-13 :402485 [dir_watcher.py:_on_file_modified():292] file/dir modified: /home/quantumiracle/research/humanRL_prior_games/wandb/run-20230302_112845-n90xy8mg/files/output.log
2023-03-02 11:30:06,370 DEBUG   HandlerThread:402485 [handler.py:handle_request():144] handle_request: status_report
2023-03-02 11:30:07,307 INFO    Thread-13 :402485 [dir_watcher.py:_on_file_modified():292] file/dir modified: /home/quantumiracle/research/humanRL_prior_games/wandb/run-20230302_112845-n90xy8mg/files/output.log
2023-03-02 11:30:09,305 DEBUG   HandlerThread:402485 [handler.py:handle_request():144] handle_request: keepalive
2023-03-02 11:30:11,308 INFO    Thread-13 :402485 [dir_watcher.py:_on_file_modified():292] file/dir modified: /home/quantumiracle/research/humanRL_prior_games/wandb/run-20230302_112845-n90xy8mg/files/output.log
2023-03-02 11:30:11,309 INFO    Thread-13 :402485 [dir_watcher.py:_on_file_modified():292] file/dir modified: /home/quantumiracle/research/humanRL_prior_games/wandb/run-20230302_112845-n90xy8mg/files/events.out.tfevents.1677774531.quantumiracle-XPS-8940.402457.0
2023-03-02 11:30:11,361 DEBUG   SenderThread:402485 [sender.py:send():336] send: history
2023-03-02 11:30:11,361 DEBUG   SenderThread:402485 [sender.py:send_request():363] send_request: summary_record
2023-03-02 11:30:11,362 INFO    SenderThread:402485 [sender.py:_save_file():1321] saving file wandb-summary.json with policy end
2023-03-02 11:30:11,362 DEBUG   SenderThread:402485 [sender.py:send():336] send: history
2023-03-02 11:30:11,362 DEBUG   SenderThread:402485 [sender.py:send_request():363] send_request: summary_record
2023-03-02 11:30:11,362 INFO    SenderThread:402485 [sender.py:_save_file():1321] saving file wandb-summary.json with policy end
2023-03-02 11:30:11,362 DEBUG   SenderThread:402485 [sender.py:send():336] send: history
2023-03-02 11:30:11,362 DEBUG   SenderThread:402485 [sender.py:send_request():363] send_request: summary_record
2023-03-02 11:30:11,362 INFO    SenderThread:402485 [sender.py:_save_file():1321] saving file wandb-summary.json with policy end
2023-03-02 11:30:11,362 DEBUG   SenderThread:402485 [sender.py:send():336] send: history
2023-03-02 11:30:11,362 DEBUG   SenderThread:402485 [sender.py:send_request():363] send_request: summary_record
2023-03-02 11:30:11,363 INFO    SenderThread:402485 [sender.py:_save_file():1321] saving file wandb-summary.json with policy end
2023-03-02 11:30:11,363 DEBUG   SenderThread:402485 [sender.py:send():336] send: history
2023-03-02 11:30:11,363 DEBUG   SenderThread:402485 [sender.py:send_request():363] send_request: summary_record
2023-03-02 11:30:11,363 INFO    SenderThread:402485 [sender.py:_save_file():1321] saving file wandb-summary.json with policy end
2023-03-02 11:30:11,363 DEBUG   SenderThread:402485 [sender.py:send():336] send: history
2023-03-02 11:30:11,363 DEBUG   SenderThread:402485 [sender.py:send_request():363] send_request: summary_record
2023-03-02 11:30:11,363 INFO    SenderThread:402485 [sender.py:_save_file():1321] saving file wandb-summary.json with policy end
2023-03-02 11:30:11,363 DEBUG   SenderThread:402485 [sender.py:send():336] send: history
2023-03-02 11:30:11,363 DEBUG   SenderThread:402485 [sender.py:send_request():363] send_request: summary_record
2023-03-02 11:30:11,364 INFO    SenderThread:402485 [sender.py:_save_file():1321] saving file wandb-summary.json with policy end
2023-03-02 11:30:11,364 DEBUG   SenderThread:402485 [sender.py:send():336] send: history
2023-03-02 11:30:11,364 DEBUG   SenderThread:402485 [sender.py:send_request():363] send_request: summary_record
2023-03-02 11:30:11,364 INFO    SenderThread:402485 [sender.py:_save_file():1321] saving file wandb-summary.json with policy end
2023-03-02 11:30:11,364 DEBUG   SenderThread:402485 [sender.py:send():336] send: history
2023-03-02 11:30:11,364 DEBUG   SenderThread:402485 [sender.py:send_request():363] send_request: summary_record
2023-03-02 11:30:11,364 INFO    SenderThread:402485 [sender.py:_save_file():1321] saving file wandb-summary.json with policy end
2023-03-02 11:30:11,364 DEBUG   SenderThread:402485 [sender.py:send():336] send: history
2023-03-02 11:30:11,364 DEBUG   SenderThread:402485 [sender.py:send_request():363] send_request: summary_record
2023-03-02 11:30:11,365 INFO    SenderThread:402485 [sender.py:_save_file():1321] saving file wandb-summary.json with policy end
2023-03-02 11:30:11,365 DEBUG   SenderThread:402485 [sender.py:send():336] send: history
2023-03-02 11:30:11,365 DEBUG   SenderThread:402485 [sender.py:send_request():363] send_request: summary_record
2023-03-02 11:30:11,365 INFO    SenderThread:402485 [sender.py:_save_file():1321] saving file wandb-summary.json with policy end
2023-03-02 11:30:12,309 INFO    Thread-13 :402485 [dir_watcher.py:_on_file_modified():292] file/dir modified: /home/quantumiracle/research/humanRL_prior_games/wandb/run-20230302_112845-n90xy8mg/files/wandb-summary.json
2023-03-02 11:30:12,366 DEBUG   HandlerThread:402485 [handler.py:handle_request():144] handle_request: status_report
2023-03-02 11:30:13,309 INFO    Thread-13 :402485 [dir_watcher.py:_on_file_modified():292] file/dir modified: /home/quantumiracle/research/humanRL_prior_games/wandb/run-20230302_112845-n90xy8mg/files/output.log
2023-03-02 11:30:14,306 DEBUG   HandlerThread:402485 [handler.py:handle_request():144] handle_request: keepalive
2023-03-02 11:30:15,309 INFO    Thread-13 :402485 [dir_watcher.py:_on_file_modified():292] file/dir modified: /home/quantumiracle/research/humanRL_prior_games/wandb/run-20230302_112845-n90xy8mg/files/output.log
2023-03-02 11:30:16,280 DEBUG   SenderThread:402485 [sender.py:send():336] send: stats
2023-03-02 11:30:17,310 INFO    Thread-13 :402485 [dir_watcher.py:_on_file_modified():292] file/dir modified: /home/quantumiracle/research/humanRL_prior_games/wandb/run-20230302_112845-n90xy8mg/files/output.log
2023-03-02 11:30:18,281 DEBUG   HandlerThread:402485 [handler.py:handle_request():144] handle_request: status_report
2023-03-02 11:30:19,307 DEBUG   HandlerThread:402485 [handler.py:handle_request():144] handle_request: keepalive
2023-03-02 11:30:19,313 INFO    Thread-13 :402485 [dir_watcher.py:_on_file_modified():292] file/dir modified: /home/quantumiracle/research/humanRL_prior_games/wandb/run-20230302_112845-n90xy8mg/files/output.log
2023-03-02 11:30:21,313 INFO    Thread-13 :402485 [dir_watcher.py:_on_file_modified():292] file/dir modified: /home/quantumiracle/research/humanRL_prior_games/wandb/run-20230302_112845-n90xy8mg/files/output.log
2023-03-02 11:30:23,314 INFO    Thread-13 :402485 [dir_watcher.py:_on_file_modified():292] file/dir modified: /home/quantumiracle/research/humanRL_prior_games/wandb/run-20230302_112845-n90xy8mg/files/output.log
2023-03-02 11:30:23,387 DEBUG   HandlerThread:402485 [handler.py:handle_request():144] handle_request: status_report
2023-03-02 11:30:24,307 DEBUG   HandlerThread:402485 [handler.py:handle_request():144] handle_request: keepalive
2023-03-02 11:30:25,315 INFO    Thread-13 :402485 [dir_watcher.py:_on_file_modified():292] file/dir modified: /home/quantumiracle/research/humanRL_prior_games/wandb/run-20230302_112845-n90xy8mg/files/output.log
2023-03-02 11:30:28,635 DEBUG   HandlerThread:402485 [handler.py:handle_request():144] handle_request: status_report
2023-03-02 11:30:29,308 DEBUG   HandlerThread:402485 [handler.py:handle_request():144] handle_request: keepalive
2023-03-02 11:30:32,318 INFO    Thread-13 :402485 [dir_watcher.py:_on_file_modified():292] file/dir modified: /home/quantumiracle/research/humanRL_prior_games/wandb/run-20230302_112845-n90xy8mg/files/output.log
2023-03-02 11:30:34,010 DEBUG   HandlerThread:402485 [handler.py:handle_request():144] handle_request: status_report
2023-03-02 11:30:34,309 DEBUG   HandlerThread:402485 [handler.py:handle_request():144] handle_request: keepalive
2023-03-02 11:30:34,318 INFO    Thread-13 :402485 [dir_watcher.py:_on_file_modified():292] file/dir modified: /home/quantumiracle/research/humanRL_prior_games/wandb/run-20230302_112845-n90xy8mg/files/output.log
2023-03-02 11:30:36,319 INFO    Thread-13 :402485 [dir_watcher.py:_on_file_modified():292] file/dir modified: /home/quantumiracle/research/humanRL_prior_games/wandb/run-20230302_112845-n90xy8mg/files/events.out.tfevents.1677774531.quantumiracle-XPS-8940.402457.0
2023-03-02 11:30:36,494 DEBUG   SenderThread:402485 [sender.py:send():336] send: history
2023-03-02 11:30:36,494 DEBUG   SenderThread:402485 [sender.py:send_request():363] send_request: summary_record
2023-03-02 11:30:36,496 INFO    SenderThread:402485 [sender.py:_save_file():1321] saving file wandb-summary.json with policy end
2023-03-02 11:30:36,496 DEBUG   SenderThread:402485 [sender.py:send():336] send: history
2023-03-02 11:30:36,496 DEBUG   SenderThread:402485 [sender.py:send_request():363] send_request: summary_record
2023-03-02 11:30:36,496 INFO    SenderThread:402485 [sender.py:_save_file():1321] saving file wandb-summary.json with policy end
2023-03-02 11:30:36,497 DEBUG   SenderThread:402485 [sender.py:send():336] send: history
2023-03-02 11:30:36,497 DEBUG   SenderThread:402485 [sender.py:send_request():363] send_request: summary_record
2023-03-02 11:30:36,497 INFO    SenderThread:402485 [sender.py:_save_file():1321] saving file wandb-summary.json with policy end
2023-03-02 11:30:36,497 DEBUG   SenderThread:402485 [sender.py:send():336] send: history
2023-03-02 11:30:36,497 DEBUG   SenderThread:402485 [sender.py:send_request():363] send_request: summary_record
2023-03-02 11:30:36,497 INFO    SenderThread:402485 [sender.py:_save_file():1321] saving file wandb-summary.json with policy end
2023-03-02 11:30:36,497 DEBUG   SenderThread:402485 [sender.py:send():336] send: history
2023-03-02 11:30:36,497 DEBUG   SenderThread:402485 [sender.py:send_request():363] send_request: summary_record
2023-03-02 11:30:36,497 INFO    SenderThread:402485 [sender.py:_save_file():1321] saving file wandb-summary.json with policy end
2023-03-02 11:30:36,498 DEBUG   SenderThread:402485 [sender.py:send():336] send: history
2023-03-02 11:30:36,498 DEBUG   SenderThread:402485 [sender.py:send_request():363] send_request: summary_record
2023-03-02 11:30:36,498 INFO    SenderThread:402485 [sender.py:_save_file():1321] saving file wandb-summary.json with policy end
2023-03-02 11:30:36,498 DEBUG   SenderThread:402485 [sender.py:send():336] send: history
2023-03-02 11:30:36,498 DEBUG   SenderThread:402485 [sender.py:send_request():363] send_request: summary_record
2023-03-02 11:30:36,498 INFO    SenderThread:402485 [sender.py:_save_file():1321] saving file wandb-summary.json with policy end
2023-03-02 11:30:36,498 DEBUG   SenderThread:402485 [sender.py:send():336] send: history
2023-03-02 11:30:36,498 DEBUG   SenderThread:402485 [sender.py:send_request():363] send_request: summary_record
2023-03-02 11:30:36,498 INFO    SenderThread:402485 [sender.py:_save_file():1321] saving file wandb-summary.json with policy end
2023-03-02 11:30:36,498 DEBUG   SenderThread:402485 [sender.py:send():336] send: history
2023-03-02 11:30:36,499 DEBUG   SenderThread:402485 [sender.py:send_request():363] send_request: summary_record
2023-03-02 11:30:36,499 INFO    SenderThread:402485 [sender.py:_save_file():1321] saving file wandb-summary.json with policy end
2023-03-02 11:30:36,499 DEBUG   SenderThread:402485 [sender.py:send():336] send: history
2023-03-02 11:30:36,499 DEBUG   SenderThread:402485 [sender.py:send_request():363] send_request: summary_record
2023-03-02 11:30:36,499 INFO    SenderThread:402485 [sender.py:_save_file():1321] saving file wandb-summary.json with policy end
2023-03-02 11:30:36,499 DEBUG   SenderThread:402485 [sender.py:send():336] send: history
2023-03-02 11:30:36,499 DEBUG   SenderThread:402485 [sender.py:send_request():363] send_request: summary_record
2023-03-02 11:30:36,499 INFO    SenderThread:402485 [sender.py:_save_file():1321] saving file wandb-summary.json with policy end
2023-03-02 11:30:36,500 DEBUG   SenderThread:402485 [sender.py:send():336] send: history
2023-03-02 11:30:36,500 DEBUG   SenderThread:402485 [sender.py:send_request():363] send_request: summary_record
2023-03-02 11:30:36,500 INFO    SenderThread:402485 [sender.py:_save_file():1321] saving file wandb-summary.json with policy end
2023-03-02 11:30:37,319 INFO    Thread-13 :402485 [dir_watcher.py:_on_file_modified():292] file/dir modified: /home/quantumiracle/research/humanRL_prior_games/wandb/run-20230302_112845-n90xy8mg/files/wandb-summary.json
2023-03-02 11:30:38,320 INFO    Thread-13 :402485 [dir_watcher.py:_on_file_modified():292] file/dir modified: /home/quantumiracle/research/humanRL_prior_games/wandb/run-20230302_112845-n90xy8mg/files/output.log
2023-03-02 11:30:39,310 DEBUG   HandlerThread:402485 [handler.py:handle_request():144] handle_request: keepalive
2023-03-02 11:30:39,610 DEBUG   HandlerThread:402485 [handler.py:handle_request():144] handle_request: status_report
2023-03-02 11:30:40,320 INFO    Thread-13 :402485 [dir_watcher.py:_on_file_modified():292] file/dir modified: /home/quantumiracle/research/humanRL_prior_games/wandb/run-20230302_112845-n90xy8mg/files/output.log
2023-03-02 11:30:44,311 DEBUG   HandlerThread:402485 [handler.py:handle_request():144] handle_request: keepalive
2023-03-02 11:30:44,322 INFO    Thread-13 :402485 [dir_watcher.py:_on_file_modified():292] file/dir modified: /home/quantumiracle/research/humanRL_prior_games/wandb/run-20230302_112845-n90xy8mg/files/output.log
2023-03-02 11:30:45,517 DEBUG   HandlerThread:402485 [handler.py:handle_request():144] handle_request: status_report
2023-03-02 11:30:46,280 DEBUG   SenderThread:402485 [sender.py:send():336] send: stats
2023-03-02 11:30:48,323 INFO    Thread-13 :402485 [dir_watcher.py:_on_file_modified():292] file/dir modified: /home/quantumiracle/research/humanRL_prior_games/wandb/run-20230302_112845-n90xy8mg/files/output.log
2023-03-02 11:30:49,312 DEBUG   HandlerThread:402485 [handler.py:handle_request():144] handle_request: keepalive
2023-03-02 11:30:50,324 INFO    Thread-13 :402485 [dir_watcher.py:_on_file_modified():292] file/dir modified: /home/quantumiracle/research/humanRL_prior_games/wandb/run-20230302_112845-n90xy8mg/files/events.out.tfevents.1677774531.quantumiracle-XPS-8940.402457.0
2023-03-02 11:30:50,580 DEBUG   SenderThread:402485 [sender.py:send():336] send: history
2023-03-02 11:30:50,581 DEBUG   SenderThread:402485 [sender.py:send_request():363] send_request: summary_record
2023-03-02 11:30:50,581 DEBUG   HandlerThread:402485 [handler.py:handle_request():144] handle_request: status_report
2023-03-02 11:30:50,582 INFO    SenderThread:402485 [sender.py:_save_file():1321] saving file wandb-summary.json with policy end
2023-03-02 11:30:50,582 DEBUG   SenderThread:402485 [sender.py:send():336] send: history
2023-03-02 11:30:50,582 DEBUG   SenderThread:402485 [sender.py:send_request():363] send_request: summary_record
2023-03-02 11:30:50,583 INFO    SenderThread:402485 [sender.py:_save_file():1321] saving file wandb-summary.json with policy end
2023-03-02 11:30:50,583 DEBUG   SenderThread:402485 [sender.py:send():336] send: history
2023-03-02 11:30:50,583 DEBUG   SenderThread:402485 [sender.py:send_request():363] send_request: summary_record
2023-03-02 11:30:50,626 INFO    SenderThread:402485 [sender.py:_save_file():1321] saving file wandb-summary.json with policy end
2023-03-02 11:30:50,626 DEBUG   SenderThread:402485 [sender.py:send():336] send: history
2023-03-02 11:30:50,626 DEBUG   SenderThread:402485 [sender.py:send_request():363] send_request: summary_record
2023-03-02 11:30:50,651 INFO    SenderThread:402485 [sender.py:_save_file():1321] saving file wandb-summary.json with policy end
2023-03-02 11:30:50,652 DEBUG   SenderThread:402485 [sender.py:send():336] send: history
2023-03-02 11:30:50,652 DEBUG   SenderThread:402485 [sender.py:send_request():363] send_request: summary_record
2023-03-02 11:30:50,652 INFO    SenderThread:402485 [sender.py:_save_file():1321] saving file wandb-summary.json with policy end
2023-03-02 11:30:50,652 DEBUG   SenderThread:402485 [sender.py:send():336] send: history
2023-03-02 11:30:50,652 DEBUG   SenderThread:402485 [sender.py:send_request():363] send_request: summary_record
2023-03-02 11:30:50,652 INFO    SenderThread:402485 [sender.py:_save_file():1321] saving file wandb-summary.json with policy end
2023-03-02 11:30:50,652 DEBUG   SenderThread:402485 [sender.py:send():336] send: history
2023-03-02 11:30:50,652 DEBUG   SenderThread:402485 [sender.py:send_request():363] send_request: summary_record
2023-03-02 11:30:50,653 INFO    SenderThread:402485 [sender.py:_save_file():1321] saving file wandb-summary.json with policy end
2023-03-02 11:30:50,653 DEBUG   SenderThread:402485 [sender.py:send():336] send: history
2023-03-02 11:30:50,653 DEBUG   SenderThread:402485 [sender.py:send_request():363] send_request: summary_record
2023-03-02 11:30:50,653 INFO    SenderThread:402485 [sender.py:_save_file():1321] saving file wandb-summary.json with policy end
2023-03-02 11:30:50,653 DEBUG   SenderThread:402485 [sender.py:send():336] send: history
2023-03-02 11:30:50,653 DEBUG   SenderThread:402485 [sender.py:send_request():363] send_request: summary_record
2023-03-02 11:30:50,653 INFO    SenderThread:402485 [sender.py:_save_file():1321] saving file wandb-summary.json with policy end
2023-03-02 11:30:50,653 DEBUG   SenderThread:402485 [sender.py:send():336] send: history
2023-03-02 11:30:50,653 DEBUG   SenderThread:402485 [sender.py:send_request():363] send_request: summary_record
2023-03-02 11:30:50,654 INFO    SenderThread:402485 [sender.py:_save_file():1321] saving file wandb-summary.json with policy end
2023-03-02 11:30:50,654 DEBUG   SenderThread:402485 [sender.py:send():336] send: history
2023-03-02 11:30:50,654 DEBUG   SenderThread:402485 [sender.py:send_request():363] send_request: summary_record
2023-03-02 11:30:50,654 INFO    SenderThread:402485 [sender.py:_save_file():1321] saving file wandb-summary.json with policy end
2023-03-02 11:30:51,324 INFO    Thread-13 :402485 [dir_watcher.py:_on_file_modified():292] file/dir modified: /home/quantumiracle/research/humanRL_prior_games/wandb/run-20230302_112845-n90xy8mg/files/wandb-summary.json
2023-03-02 11:30:51,325 INFO    Thread-13 :402485 [dir_watcher.py:_on_file_modified():292] file/dir modified: /home/quantumiracle/research/humanRL_prior_games/wandb/run-20230302_112845-n90xy8mg/files/events.out.tfevents.1677774531.quantumiracle-XPS-8940.402457.0
2023-03-02 11:30:52,324 INFO    Thread-13 :402485 [dir_watcher.py:_on_file_modified():292] file/dir modified: /home/quantumiracle/research/humanRL_prior_games/wandb/run-20230302_112845-n90xy8mg/files/output.log
2023-03-02 11:30:54,313 DEBUG   HandlerThread:402485 [handler.py:handle_request():144] handle_request: keepalive
2023-03-02 11:30:55,701 DEBUG   HandlerThread:402485 [handler.py:handle_request():144] handle_request: status_report
2023-03-02 11:30:56,326 INFO    Thread-13 :402485 [dir_watcher.py:_on_file_modified():292] file/dir modified: /home/quantumiracle/research/humanRL_prior_games/wandb/run-20230302_112845-n90xy8mg/files/output.log
2023-03-02 11:30:58,327 INFO    Thread-13 :402485 [dir_watcher.py:_on_file_modified():292] file/dir modified: /home/quantumiracle/research/humanRL_prior_games/wandb/run-20230302_112845-n90xy8mg/files/output.log
2023-03-02 11:30:59,314 DEBUG   HandlerThread:402485 [handler.py:handle_request():144] handle_request: keepalive
2023-03-02 11:31:00,703 DEBUG   HandlerThread:402485 [handler.py:handle_request():144] handle_request: status_report
2023-03-02 11:31:04,315 DEBUG   HandlerThread:402485 [handler.py:handle_request():144] handle_request: keepalive
2023-03-02 11:31:04,329 INFO    Thread-13 :402485 [dir_watcher.py:_on_file_modified():292] file/dir modified: /home/quantumiracle/research/humanRL_prior_games/wandb/run-20230302_112845-n90xy8mg/files/output.log
2023-03-02 11:31:06,109 DEBUG   HandlerThread:402485 [handler.py:handle_request():144] handle_request: status_report
2023-03-02 11:31:09,315 DEBUG   HandlerThread:402485 [handler.py:handle_request():144] handle_request: keepalive
2023-03-02 11:31:10,332 INFO    Thread-13 :402485 [dir_watcher.py:_on_file_modified():292] file/dir modified: /home/quantumiracle/research/humanRL_prior_games/wandb/run-20230302_112845-n90xy8mg/files/output.log
2023-03-02 11:31:11,205 DEBUG   HandlerThread:402485 [handler.py:handle_request():144] handle_request: status_report
2023-03-02 11:31:12,333 INFO    Thread-13 :402485 [dir_watcher.py:_on_file_modified():292] file/dir modified: /home/quantumiracle/research/humanRL_prior_games/wandb/run-20230302_112845-n90xy8mg/files/output.log
2023-03-02 11:31:14,316 DEBUG   HandlerThread:402485 [handler.py:handle_request():144] handle_request: keepalive
2023-03-02 11:31:14,333 INFO    Thread-13 :402485 [dir_watcher.py:_on_file_modified():292] file/dir modified: /home/quantumiracle/research/humanRL_prior_games/wandb/run-20230302_112845-n90xy8mg/files/output.log
2023-03-02 11:31:16,281 DEBUG   SenderThread:402485 [sender.py:send():336] send: stats
2023-03-02 11:31:16,281 DEBUG   HandlerThread:402485 [handler.py:handle_request():144] handle_request: status_report
2023-03-02 11:31:16,334 INFO    Thread-13 :402485 [dir_watcher.py:_on_file_modified():292] file/dir modified: /home/quantumiracle/research/humanRL_prior_games/wandb/run-20230302_112845-n90xy8mg/files/output.log
2023-03-02 11:31:17,335 INFO    Thread-13 :402485 [dir_watcher.py:_on_file_modified():292] file/dir modified: /home/quantumiracle/research/humanRL_prior_games/wandb/run-20230302_112845-n90xy8mg/files/events.out.tfevents.1677774531.quantumiracle-XPS-8940.402457.0
2023-03-02 11:31:17,677 DEBUG   SenderThread:402485 [sender.py:send():336] send: history
2023-03-02 11:31:17,678 DEBUG   SenderThread:402485 [sender.py:send_request():363] send_request: summary_record
2023-03-02 11:31:17,678 INFO    SenderThread:402485 [sender.py:_save_file():1321] saving file wandb-summary.json with policy end
2023-03-02 11:31:17,678 DEBUG   SenderThread:402485 [sender.py:send():336] send: history
2023-03-02 11:31:17,678 DEBUG   SenderThread:402485 [sender.py:send_request():363] send_request: summary_record
2023-03-02 11:31:17,678 INFO    SenderThread:402485 [sender.py:_save_file():1321] saving file wandb-summary.json with policy end
2023-03-02 11:31:17,679 DEBUG   SenderThread:402485 [sender.py:send():336] send: history
2023-03-02 11:31:17,679 DEBUG   SenderThread:402485 [sender.py:send_request():363] send_request: summary_record
2023-03-02 11:31:17,679 INFO    SenderThread:402485 [sender.py:_save_file():1321] saving file wandb-summary.json with policy end
2023-03-02 11:31:17,679 DEBUG   SenderThread:402485 [sender.py:send():336] send: history
2023-03-02 11:31:17,679 DEBUG   SenderThread:402485 [sender.py:send_request():363] send_request: summary_record
2023-03-02 11:31:17,679 INFO    SenderThread:402485 [sender.py:_save_file():1321] saving file wandb-summary.json with policy end
2023-03-02 11:31:17,679 DEBUG   SenderThread:402485 [sender.py:send():336] send: history
2023-03-02 11:31:17,679 DEBUG   SenderThread:402485 [sender.py:send_request():363] send_request: summary_record
2023-03-02 11:31:17,679 INFO    SenderThread:402485 [sender.py:_save_file():1321] saving file wandb-summary.json with policy end
2023-03-02 11:31:17,680 DEBUG   SenderThread:402485 [sender.py:send():336] send: history
2023-03-02 11:31:17,680 DEBUG   SenderThread:402485 [sender.py:send_request():363] send_request: summary_record
2023-03-02 11:31:17,680 INFO    SenderThread:402485 [sender.py:_save_file():1321] saving file wandb-summary.json with policy end
2023-03-02 11:31:17,680 DEBUG   SenderThread:402485 [sender.py:send():336] send: history
2023-03-02 11:31:17,680 DEBUG   SenderThread:402485 [sender.py:send_request():363] send_request: summary_record
2023-03-02 11:31:17,680 INFO    SenderThread:402485 [sender.py:_save_file():1321] saving file wandb-summary.json with policy end
2023-03-02 11:31:17,680 DEBUG   SenderThread:402485 [sender.py:send():336] send: history
2023-03-02 11:31:17,680 DEBUG   SenderThread:402485 [sender.py:send_request():363] send_request: summary_record
2023-03-02 11:31:17,680 INFO    SenderThread:402485 [sender.py:_save_file():1321] saving file wandb-summary.json with policy end
2023-03-02 11:31:17,681 DEBUG   SenderThread:402485 [sender.py:send():336] send: history
2023-03-02 11:31:17,681 DEBUG   SenderThread:402485 [sender.py:send_request():363] send_request: summary_record
2023-03-02 11:31:17,681 INFO    SenderThread:402485 [sender.py:_save_file():1321] saving file wandb-summary.json with policy end
2023-03-02 11:31:17,681 DEBUG   SenderThread:402485 [sender.py:send():336] send: history
2023-03-02 11:31:17,681 DEBUG   SenderThread:402485 [sender.py:send_request():363] send_request: summary_record
2023-03-02 11:31:17,681 INFO    SenderThread:402485 [sender.py:_save_file():1321] saving file wandb-summary.json with policy end
2023-03-02 11:31:17,681 DEBUG   SenderThread:402485 [sender.py:send():336] send: history
2023-03-02 11:31:17,681 DEBUG   SenderThread:402485 [sender.py:send_request():363] send_request: summary_record
2023-03-02 11:31:17,681 INFO    SenderThread:402485 [sender.py:_save_file():1321] saving file wandb-summary.json with policy end
2023-03-02 11:31:17,681 DEBUG   SenderThread:402485 [sender.py:send():336] send: history
2023-03-02 11:31:17,682 DEBUG   SenderThread:402485 [sender.py:send_request():363] send_request: summary_record
2023-03-02 11:31:17,682 INFO    SenderThread:402485 [sender.py:_save_file():1321] saving file wandb-summary.json with policy end
2023-03-02 11:31:17,761 INFO    wandb-upload_2:402485 [upload_job.py:push():138] Uploaded file /tmp/tmpfce9_aqqwandb/4u7ivhmn-events.out.tfevents.1677774531.quantumiracle-XPS-8940.402457.0
2023-03-02 11:31:18,335 INFO    Thread-13 :402485 [dir_watcher.py:_on_file_modified():292] file/dir modified: /home/quantumiracle/research/humanRL_prior_games/wandb/run-20230302_112845-n90xy8mg/files/output.log
2023-03-02 11:31:18,335 INFO    Thread-13 :402485 [dir_watcher.py:_on_file_modified():292] file/dir modified: /home/quantumiracle/research/humanRL_prior_games/wandb/run-20230302_112845-n90xy8mg/files/wandb-summary.json
2023-03-02 11:31:19,317 DEBUG   HandlerThread:402485 [handler.py:handle_request():144] handle_request: keepalive
2023-03-02 11:31:21,329 DEBUG   HandlerThread:402485 [handler.py:handle_request():144] handle_request: status_report
2023-03-02 11:31:22,336 INFO    Thread-13 :402485 [dir_watcher.py:_on_file_modified():292] file/dir modified: /home/quantumiracle/research/humanRL_prior_games/wandb/run-20230302_112845-n90xy8mg/files/output.log
2023-03-02 11:31:24,318 DEBUG   HandlerThread:402485 [handler.py:handle_request():144] handle_request: keepalive
2023-03-02 11:31:24,337 INFO    Thread-13 :402485 [dir_watcher.py:_on_file_modified():292] file/dir modified: /home/quantumiracle/research/humanRL_prior_games/wandb/run-20230302_112845-n90xy8mg/files/output.log
2023-03-02 11:31:26,337 INFO    Thread-13 :402485 [dir_watcher.py:_on_file_modified():292] file/dir modified: /home/quantumiracle/research/humanRL_prior_games/wandb/run-20230302_112845-n90xy8mg/files/output.log
2023-03-02 11:31:26,936 DEBUG   HandlerThread:402485 [handler.py:handle_request():144] handle_request: status_report
2023-03-02 11:31:28,338 INFO    Thread-13 :402485 [dir_watcher.py:_on_file_modified():292] file/dir modified: /home/quantumiracle/research/humanRL_prior_games/wandb/run-20230302_112845-n90xy8mg/files/output.log
2023-03-02 11:31:29,319 DEBUG   HandlerThread:402485 [handler.py:handle_request():144] handle_request: keepalive
2023-03-02 11:31:30,339 INFO    Thread-13 :402485 [dir_watcher.py:_on_file_modified():292] file/dir modified: /home/quantumiracle/research/humanRL_prior_games/wandb/run-20230302_112845-n90xy8mg/files/output.log
2023-03-02 11:31:32,340 INFO    Thread-13 :402485 [dir_watcher.py:_on_file_modified():292] file/dir modified: /home/quantumiracle/research/humanRL_prior_games/wandb/run-20230302_112845-n90xy8mg/files/output.log
2023-03-02 11:31:32,729 DEBUG   HandlerThread:402485 [handler.py:handle_request():144] handle_request: status_report
2023-03-02 11:31:34,320 DEBUG   HandlerThread:402485 [handler.py:handle_request():144] handle_request: keepalive
2023-03-02 11:31:34,340 INFO    Thread-13 :402485 [dir_watcher.py:_on_file_modified():292] file/dir modified: /home/quantumiracle/research/humanRL_prior_games/wandb/run-20230302_112845-n90xy8mg/files/output.log
2023-03-02 11:31:36,341 INFO    Thread-13 :402485 [dir_watcher.py:_on_file_modified():292] file/dir modified: /home/quantumiracle/research/humanRL_prior_games/wandb/run-20230302_112845-n90xy8mg/files/output.log
2023-03-02 11:31:37,752 DEBUG   HandlerThread:402485 [handler.py:handle_request():144] handle_request: status_report
2023-03-02 11:31:37,782 DEBUG   SenderThread:402485 [sender.py:send():336] send: history
2023-03-02 11:31:37,782 DEBUG   SenderThread:402485 [sender.py:send_request():363] send_request: summary_record
2023-03-02 11:31:37,783 INFO    SenderThread:402485 [sender.py:_save_file():1321] saving file wandb-summary.json with policy end
2023-03-02 11:31:37,783 DEBUG   SenderThread:402485 [sender.py:send():336] send: history
2023-03-02 11:31:37,783 DEBUG   SenderThread:402485 [sender.py:send_request():363] send_request: summary_record
2023-03-02 11:31:37,784 INFO    SenderThread:402485 [sender.py:_save_file():1321] saving file wandb-summary.json with policy end
2023-03-02 11:31:37,784 DEBUG   SenderThread:402485 [sender.py:send():336] send: history
2023-03-02 11:31:37,784 DEBUG   SenderThread:402485 [sender.py:send_request():363] send_request: summary_record
2023-03-02 11:31:37,784 INFO    SenderThread:402485 [sender.py:_save_file():1321] saving file wandb-summary.json with policy end
2023-03-02 11:31:37,784 DEBUG   SenderThread:402485 [sender.py:send():336] send: history
2023-03-02 11:31:37,785 DEBUG   SenderThread:402485 [sender.py:send_request():363] send_request: summary_record
2023-03-02 11:31:37,785 INFO    SenderThread:402485 [sender.py:_save_file():1321] saving file wandb-summary.json with policy end
2023-03-02 11:31:37,785 DEBUG   SenderThread:402485 [sender.py:send():336] send: history
2023-03-02 11:31:37,785 DEBUG   SenderThread:402485 [sender.py:send_request():363] send_request: summary_record
2023-03-02 11:31:37,786 INFO    SenderThread:402485 [sender.py:_save_file():1321] saving file wandb-summary.json with policy end
2023-03-02 11:31:37,786 DEBUG   SenderThread:402485 [sender.py:send():336] send: history
2023-03-02 11:31:37,786 DEBUG   SenderThread:402485 [sender.py:send_request():363] send_request: summary_record
2023-03-02 11:31:37,786 INFO    SenderThread:402485 [sender.py:_save_file():1321] saving file wandb-summary.json with policy end
2023-03-02 11:31:37,786 DEBUG   SenderThread:402485 [sender.py:send():336] send: history
2023-03-02 11:31:37,786 DEBUG   SenderThread:402485 [sender.py:send_request():363] send_request: summary_record
2023-03-02 11:31:37,787 INFO    SenderThread:402485 [sender.py:_save_file():1321] saving file wandb-summary.json with policy end
2023-03-02 11:31:37,787 DEBUG   SenderThread:402485 [sender.py:send():336] send: history
2023-03-02 11:31:37,787 DEBUG   SenderThread:402485 [sender.py:send_request():363] send_request: summary_record
2023-03-02 11:31:37,787 INFO    SenderThread:402485 [sender.py:_save_file():1321] saving file wandb-summary.json with policy end
2023-03-02 11:31:37,787 DEBUG   SenderThread:402485 [sender.py:send():336] send: history
2023-03-02 11:31:37,787 DEBUG   SenderThread:402485 [sender.py:send_request():363] send_request: summary_record
2023-03-02 11:31:37,788 INFO    SenderThread:402485 [sender.py:_save_file():1321] saving file wandb-summary.json with policy end
2023-03-02 11:31:37,788 DEBUG   SenderThread:402485 [sender.py:send():336] send: history
2023-03-02 11:31:37,788 DEBUG   SenderThread:402485 [sender.py:send_request():363] send_request: summary_record
2023-03-02 11:31:37,788 INFO    SenderThread:402485 [sender.py:_save_file():1321] saving file wandb-summary.json with policy end
2023-03-02 11:31:37,788 DEBUG   SenderThread:402485 [sender.py:send():336] send: history
2023-03-02 11:31:37,788 DEBUG   SenderThread:402485 [sender.py:send_request():363] send_request: summary_record
2023-03-02 11:31:37,788 INFO    SenderThread:402485 [sender.py:_save_file():1321] saving file wandb-summary.json with policy end
2023-03-02 11:31:38,341 INFO    Thread-13 :402485 [dir_watcher.py:_on_file_modified():292] file/dir modified: /home/quantumiracle/research/humanRL_prior_games/wandb/run-20230302_112845-n90xy8mg/files/output.log
2023-03-02 11:31:38,342 INFO    Thread-13 :402485 [dir_watcher.py:_on_file_modified():292] file/dir modified: /home/quantumiracle/research/humanRL_prior_games/wandb/run-20230302_112845-n90xy8mg/files/wandb-summary.json
2023-03-02 11:31:38,342 INFO    Thread-13 :402485 [dir_watcher.py:_on_file_modified():292] file/dir modified: /home/quantumiracle/research/humanRL_prior_games/wandb/run-20230302_112845-n90xy8mg/files/events.out.tfevents.1677774531.quantumiracle-XPS-8940.402457.0
2023-03-02 11:31:39,321 DEBUG   HandlerThread:402485 [handler.py:handle_request():144] handle_request: keepalive
2023-03-02 11:31:40,342 INFO    Thread-13 :402485 [dir_watcher.py:_on_file_modified():292] file/dir modified: /home/quantumiracle/research/humanRL_prior_games/wandb/run-20230302_112845-n90xy8mg/files/output.log
2023-03-02 11:31:42,343 INFO    Thread-13 :402485 [dir_watcher.py:_on_file_modified():292] file/dir modified: /home/quantumiracle/research/humanRL_prior_games/wandb/run-20230302_112845-n90xy8mg/files/output.log
2023-03-02 11:31:43,252 DEBUG   HandlerThread:402485 [handler.py:handle_request():144] handle_request: status_report
2023-03-02 11:31:44,325 DEBUG   HandlerThread:402485 [handler.py:handle_request():144] handle_request: keepalive
2023-03-02 11:31:46,282 DEBUG   SenderThread:402485 [sender.py:send():336] send: stats
2023-03-02 11:31:46,344 INFO    Thread-13 :402485 [dir_watcher.py:_on_file_modified():292] file/dir modified: /home/quantumiracle/research/humanRL_prior_games/wandb/run-20230302_112845-n90xy8mg/files/output.log
2023-03-02 11:31:48,283 DEBUG   HandlerThread:402485 [handler.py:handle_request():144] handle_request: status_report
2023-03-02 11:31:48,345 INFO    Thread-13 :402485 [dir_watcher.py:_on_file_modified():292] file/dir modified: /home/quantumiracle/research/humanRL_prior_games/wandb/run-20230302_112845-n90xy8mg/files/output.log
2023-03-02 11:31:49,326 DEBUG   HandlerThread:402485 [handler.py:handle_request():144] handle_request: keepalive
2023-03-02 11:31:50,345 INFO    Thread-13 :402485 [dir_watcher.py:_on_file_modified():292] file/dir modified: /home/quantumiracle/research/humanRL_prior_games/wandb/run-20230302_112845-n90xy8mg/files/output.log
2023-03-02 11:31:52,346 INFO    Thread-13 :402485 [dir_watcher.py:_on_file_modified():292] file/dir modified: /home/quantumiracle/research/humanRL_prior_games/wandb/run-20230302_112845-n90xy8mg/files/output.log
2023-03-02 11:31:53,998 DEBUG   HandlerThread:402485 [handler.py:handle_request():144] handle_request: status_report
2023-03-02 11:31:54,326 DEBUG   HandlerThread:402485 [handler.py:handle_request():144] handle_request: keepalive
2023-03-02 11:31:56,347 INFO    Thread-13 :402485 [dir_watcher.py:_on_file_modified():292] file/dir modified: /home/quantumiracle/research/humanRL_prior_games/wandb/run-20230302_112845-n90xy8mg/files/output.log
2023-03-02 11:31:56,348 INFO    Thread-13 :402485 [dir_watcher.py:_on_file_modified():292] file/dir modified: /home/quantumiracle/research/humanRL_prior_games/wandb/run-20230302_112845-n90xy8mg/files/events.out.tfevents.1677774531.quantumiracle-XPS-8940.402457.0
2023-03-02 11:31:56,882 DEBUG   SenderThread:402485 [sender.py:send():336] send: history
2023-03-02 11:31:56,883 DEBUG   SenderThread:402485 [sender.py:send_request():363] send_request: summary_record
2023-03-02 11:31:56,883 INFO    SenderThread:402485 [sender.py:_save_file():1321] saving file wandb-summary.json with policy end
2023-03-02 11:31:56,883 DEBUG   SenderThread:402485 [sender.py:send():336] send: history
2023-03-02 11:31:56,883 DEBUG   SenderThread:402485 [sender.py:send_request():363] send_request: summary_record
2023-03-02 11:31:56,885 INFO    SenderThread:402485 [sender.py:_save_file():1321] saving file wandb-summary.json with policy end
2023-03-02 11:31:56,885 DEBUG   SenderThread:402485 [sender.py:send():336] send: history
2023-03-02 11:31:56,885 DEBUG   SenderThread:402485 [sender.py:send_request():363] send_request: summary_record
2023-03-02 11:31:56,886 INFO    SenderThread:402485 [sender.py:_save_file():1321] saving file wandb-summary.json with policy end
2023-03-02 11:31:56,886 DEBUG   SenderThread:402485 [sender.py:send():336] send: history
2023-03-02 11:31:56,886 DEBUG   SenderThread:402485 [sender.py:send_request():363] send_request: summary_record
2023-03-02 11:31:56,886 INFO    SenderThread:402485 [sender.py:_save_file():1321] saving file wandb-summary.json with policy end
2023-03-02 11:31:56,886 DEBUG   SenderThread:402485 [sender.py:send():336] send: history
2023-03-02 11:31:56,886 DEBUG   SenderThread:402485 [sender.py:send_request():363] send_request: summary_record
2023-03-02 11:31:56,886 INFO    SenderThread:402485 [sender.py:_save_file():1321] saving file wandb-summary.json with policy end
2023-03-02 11:31:56,886 DEBUG   SenderThread:402485 [sender.py:send():336] send: history
2023-03-02 11:31:56,887 DEBUG   SenderThread:402485 [sender.py:send_request():363] send_request: summary_record
2023-03-02 11:31:56,887 INFO    SenderThread:402485 [sender.py:_save_file():1321] saving file wandb-summary.json with policy end
2023-03-02 11:31:56,887 DEBUG   SenderThread:402485 [sender.py:send():336] send: history
2023-03-02 11:31:56,887 DEBUG   SenderThread:402485 [sender.py:send_request():363] send_request: summary_record
2023-03-02 11:31:56,887 INFO    SenderThread:402485 [sender.py:_save_file():1321] saving file wandb-summary.json with policy end
2023-03-02 11:31:56,887 DEBUG   SenderThread:402485 [sender.py:send():336] send: history
2023-03-02 11:31:56,887 DEBUG   SenderThread:402485 [sender.py:send_request():363] send_request: summary_record
2023-03-02 11:31:56,888 INFO    SenderThread:402485 [sender.py:_save_file():1321] saving file wandb-summary.json with policy end
2023-03-02 11:31:56,888 DEBUG   SenderThread:402485 [sender.py:send():336] send: history
2023-03-02 11:31:56,888 DEBUG   SenderThread:402485 [sender.py:send_request():363] send_request: summary_record
2023-03-02 11:31:56,888 INFO    SenderThread:402485 [sender.py:_save_file():1321] saving file wandb-summary.json with policy end
2023-03-02 11:31:56,888 DEBUG   SenderThread:402485 [sender.py:send():336] send: history
2023-03-02 11:31:56,888 DEBUG   SenderThread:402485 [sender.py:send_request():363] send_request: summary_record
2023-03-02 11:31:56,888 INFO    SenderThread:402485 [sender.py:_save_file():1321] saving file wandb-summary.json with policy end
2023-03-02 11:31:56,889 DEBUG   SenderThread:402485 [sender.py:send():336] send: history
2023-03-02 11:31:56,889 DEBUG   SenderThread:402485 [sender.py:send_request():363] send_request: summary_record
2023-03-02 11:31:56,889 INFO    SenderThread:402485 [sender.py:_save_file():1321] saving file wandb-summary.json with policy end
2023-03-02 11:31:56,889 DEBUG   SenderThread:402485 [sender.py:send():336] send: history
2023-03-02 11:31:56,889 DEBUG   SenderThread:402485 [sender.py:send_request():363] send_request: summary_record
2023-03-02 11:31:56,889 INFO    SenderThread:402485 [sender.py:_save_file():1321] saving file wandb-summary.json with policy end
2023-03-02 11:31:57,348 INFO    Thread-13 :402485 [dir_watcher.py:_on_file_modified():292] file/dir modified: /home/quantumiracle/research/humanRL_prior_games/wandb/run-20230302_112845-n90xy8mg/files/wandb-summary.json
2023-03-02 11:31:58,348 INFO    Thread-13 :402485 [dir_watcher.py:_on_file_modified():292] file/dir modified: /home/quantumiracle/research/humanRL_prior_games/wandb/run-20230302_112845-n90xy8mg/files/output.log
2023-03-02 11:31:59,327 DEBUG   HandlerThread:402485 [handler.py:handle_request():144] handle_request: keepalive
2023-03-02 11:31:59,376 DEBUG   HandlerThread:402485 [handler.py:handle_request():144] handle_request: status_report
2023-03-02 11:32:00,349 INFO    Thread-13 :402485 [dir_watcher.py:_on_file_modified():292] file/dir modified: /home/quantumiracle/research/humanRL_prior_games/wandb/run-20230302_112845-n90xy8mg/files/output.log
2023-03-02 11:32:02,350 INFO    Thread-13 :402485 [dir_watcher.py:_on_file_modified():292] file/dir modified: /home/quantumiracle/research/humanRL_prior_games/wandb/run-20230302_112845-n90xy8mg/files/output.log
2023-03-02 11:32:04,328 DEBUG   HandlerThread:402485 [handler.py:handle_request():144] handle_request: keepalive
2023-03-02 11:32:04,351 INFO    Thread-13 :402485 [dir_watcher.py:_on_file_modified():292] file/dir modified: /home/quantumiracle/research/humanRL_prior_games/wandb/run-20230302_112845-n90xy8mg/files/output.log
2023-03-02 11:32:05,134 DEBUG   HandlerThread:402485 [handler.py:handle_request():144] handle_request: status_report
2023-03-02 11:32:06,352 INFO    Thread-13 :402485 [dir_watcher.py:_on_file_modified():292] file/dir modified: /home/quantumiracle/research/humanRL_prior_games/wandb/run-20230302_112845-n90xy8mg/files/output.log
2023-03-02 11:32:08,352 INFO    Thread-13 :402485 [dir_watcher.py:_on_file_modified():292] file/dir modified: /home/quantumiracle/research/humanRL_prior_games/wandb/run-20230302_112845-n90xy8mg/files/output.log
2023-03-02 11:32:09,329 DEBUG   HandlerThread:402485 [handler.py:handle_request():144] handle_request: keepalive
2023-03-02 11:32:10,630 DEBUG   HandlerThread:402485 [handler.py:handle_request():144] handle_request: status_report
2023-03-02 11:32:12,354 INFO    Thread-13 :402485 [dir_watcher.py:_on_file_modified():292] file/dir modified: /home/quantumiracle/research/humanRL_prior_games/wandb/run-20230302_112845-n90xy8mg/files/output.log
2023-03-02 11:32:14,330 DEBUG   HandlerThread:402485 [handler.py:handle_request():144] handle_request: keepalive
2023-03-02 11:32:15,987 DEBUG   HandlerThread:402485 [handler.py:handle_request():144] handle_request: status_report
2023-03-02 11:32:16,331 DEBUG   SenderThread:402485 [sender.py:send():336] send: stats
2023-03-02 11:32:16,355 INFO    Thread-13 :402485 [dir_watcher.py:_on_file_modified():292] file/dir modified: /home/quantumiracle/research/humanRL_prior_games/wandb/run-20230302_112845-n90xy8mg/files/output.log
2023-03-02 11:32:16,986 DEBUG   SenderThread:402485 [sender.py:send():336] send: history
2023-03-02 11:32:16,986 DEBUG   SenderThread:402485 [sender.py:send_request():363] send_request: summary_record
2023-03-02 11:32:16,987 INFO    SenderThread:402485 [sender.py:_save_file():1321] saving file wandb-summary.json with policy end
2023-03-02 11:32:16,988 DEBUG   SenderThread:402485 [sender.py:send():336] send: history
2023-03-02 11:32:16,988 DEBUG   SenderThread:402485 [sender.py:send_request():363] send_request: summary_record
2023-03-02 11:32:16,988 INFO    SenderThread:402485 [sender.py:_save_file():1321] saving file wandb-summary.json with policy end
2023-03-02 11:32:16,988 DEBUG   SenderThread:402485 [sender.py:send():336] send: history
2023-03-02 11:32:16,988 DEBUG   SenderThread:402485 [sender.py:send_request():363] send_request: summary_record
2023-03-02 11:32:16,988 INFO    SenderThread:402485 [sender.py:_save_file():1321] saving file wandb-summary.json with policy end
2023-03-02 11:32:16,988 DEBUG   SenderThread:402485 [sender.py:send():336] send: history
2023-03-02 11:32:16,988 DEBUG   SenderThread:402485 [sender.py:send_request():363] send_request: summary_record
2023-03-02 11:32:16,989 INFO    SenderThread:402485 [sender.py:_save_file():1321] saving file wandb-summary.json with policy end
2023-03-02 11:32:16,989 DEBUG   SenderThread:402485 [sender.py:send():336] send: history
2023-03-02 11:32:16,989 DEBUG   SenderThread:402485 [sender.py:send_request():363] send_request: summary_record
2023-03-02 11:32:16,989 INFO    SenderThread:402485 [sender.py:_save_file():1321] saving file wandb-summary.json with policy end
2023-03-02 11:32:16,989 DEBUG   SenderThread:402485 [sender.py:send():336] send: history
2023-03-02 11:32:16,989 DEBUG   SenderThread:402485 [sender.py:send_request():363] send_request: summary_record
2023-03-02 11:32:16,989 INFO    SenderThread:402485 [sender.py:_save_file():1321] saving file wandb-summary.json with policy end
2023-03-02 11:32:16,989 DEBUG   SenderThread:402485 [sender.py:send():336] send: history
2023-03-02 11:32:16,989 DEBUG   SenderThread:402485 [sender.py:send_request():363] send_request: summary_record
2023-03-02 11:32:16,990 INFO    SenderThread:402485 [sender.py:_save_file():1321] saving file wandb-summary.json with policy end
2023-03-02 11:32:16,990 DEBUG   SenderThread:402485 [sender.py:send():336] send: history
2023-03-02 11:32:16,990 DEBUG   SenderThread:402485 [sender.py:send_request():363] send_request: summary_record
2023-03-02 11:32:16,990 INFO    SenderThread:402485 [sender.py:_save_file():1321] saving file wandb-summary.json with policy end
2023-03-02 11:32:16,990 DEBUG   SenderThread:402485 [sender.py:send():336] send: history
2023-03-02 11:32:16,990 DEBUG   SenderThread:402485 [sender.py:send_request():363] send_request: summary_record
2023-03-02 11:32:16,990 INFO    SenderThread:402485 [sender.py:_save_file():1321] saving file wandb-summary.json with policy end
2023-03-02 11:32:16,990 DEBUG   SenderThread:402485 [sender.py:send():336] send: history
2023-03-02 11:32:16,991 DEBUG   SenderThread:402485 [sender.py:send_request():363] send_request: summary_record
2023-03-02 11:32:16,991 INFO    SenderThread:402485 [sender.py:_save_file():1321] saving file wandb-summary.json with policy end
2023-03-02 11:32:16,991 DEBUG   SenderThread:402485 [sender.py:send():336] send: history
2023-03-02 11:32:16,991 DEBUG   SenderThread:402485 [sender.py:send_request():363] send_request: summary_record
2023-03-02 11:32:16,991 INFO    SenderThread:402485 [sender.py:_save_file():1321] saving file wandb-summary.json with policy end
2023-03-02 11:32:17,355 INFO    Thread-13 :402485 [dir_watcher.py:_on_file_modified():292] file/dir modified: /home/quantumiracle/research/humanRL_prior_games/wandb/run-20230302_112845-n90xy8mg/files/wandb-summary.json
2023-03-02 11:32:17,356 INFO    Thread-13 :402485 [dir_watcher.py:_on_file_modified():292] file/dir modified: /home/quantumiracle/research/humanRL_prior_games/wandb/run-20230302_112845-n90xy8mg/files/events.out.tfevents.1677774531.quantumiracle-XPS-8940.402457.0
2023-03-02 11:32:17,957 INFO    wandb-upload_6:402485 [upload_job.py:push():138] Uploaded file /tmp/tmpfce9_aqqwandb/z1md1iun-events.out.tfevents.1677774531.quantumiracle-XPS-8940.402457.0
2023-03-02 11:32:18,356 INFO    Thread-13 :402485 [dir_watcher.py:_on_file_modified():292] file/dir modified: /home/quantumiracle/research/humanRL_prior_games/wandb/run-20230302_112845-n90xy8mg/files/output.log
2023-03-02 11:32:19,330 DEBUG   HandlerThread:402485 [handler.py:handle_request():144] handle_request: keepalive
2023-03-02 11:32:21,083 DEBUG   HandlerThread:402485 [handler.py:handle_request():144] handle_request: status_report
2023-03-02 11:32:22,357 INFO    Thread-13 :402485 [dir_watcher.py:_on_file_modified():292] file/dir modified: /home/quantumiracle/research/humanRL_prior_games/wandb/run-20230302_112845-n90xy8mg/files/output.log
2023-03-02 11:32:24,331 DEBUG   HandlerThread:402485 [handler.py:handle_request():144] handle_request: keepalive
2023-03-02 11:32:24,358 INFO    Thread-13 :402485 [dir_watcher.py:_on_file_modified():292] file/dir modified: /home/quantumiracle/research/humanRL_prior_games/wandb/run-20230302_112845-n90xy8mg/files/output.log
2023-03-02 11:32:26,120 DEBUG   HandlerThread:402485 [handler.py:handle_request():144] handle_request: status_report
2023-03-02 11:32:26,359 INFO    Thread-13 :402485 [dir_watcher.py:_on_file_modified():292] file/dir modified: /home/quantumiracle/research/humanRL_prior_games/wandb/run-20230302_112845-n90xy8mg/files/output.log
2023-03-02 11:32:28,360 INFO    Thread-13 :402485 [dir_watcher.py:_on_file_modified():292] file/dir modified: /home/quantumiracle/research/humanRL_prior_games/wandb/run-20230302_112845-n90xy8mg/files/output.log
2023-03-02 11:32:29,332 DEBUG   HandlerThread:402485 [handler.py:handle_request():144] handle_request: keepalive
2023-03-02 11:32:30,360 INFO    Thread-13 :402485 [dir_watcher.py:_on_file_modified():292] file/dir modified: /home/quantumiracle/research/humanRL_prior_games/wandb/run-20230302_112845-n90xy8mg/files/output.log
2023-03-02 11:32:31,699 DEBUG   HandlerThread:402485 [handler.py:handle_request():144] handle_request: status_report
2023-03-02 11:32:32,361 INFO    Thread-13 :402485 [dir_watcher.py:_on_file_modified():292] file/dir modified: /home/quantumiracle/research/humanRL_prior_games/wandb/run-20230302_112845-n90xy8mg/files/output.log
2023-03-02 11:32:32,429 DEBUG   SenderThread:402485 [sender.py:send():336] send: exit
2023-03-02 11:32:32,429 INFO    SenderThread:402485 [sender.py:send_exit():559] handling exit code: 255
2023-03-02 11:32:32,429 INFO    SenderThread:402485 [sender.py:send_exit():561] handling runtime: 226
2023-03-02 11:32:32,429 INFO    SenderThread:402485 [sender.py:_save_file():1321] saving file wandb-summary.json with policy end
2023-03-02 11:32:32,429 INFO    SenderThread:402485 [sender.py:send_exit():567] send defer
2023-03-02 11:32:32,430 DEBUG   HandlerThread:402485 [handler.py:handle_request():144] handle_request: defer
2023-03-02 11:32:32,430 INFO    HandlerThread:402485 [handler.py:handle_request_defer():170] handle defer: 0
2023-03-02 11:32:32,430 DEBUG   SenderThread:402485 [sender.py:send_request():363] send_request: defer
2023-03-02 11:32:32,430 INFO    SenderThread:402485 [sender.py:send_request_defer():583] handle sender defer: 0
2023-03-02 11:32:32,430 INFO    SenderThread:402485 [sender.py:transition_state():587] send defer: 1
2023-03-02 11:32:32,430 DEBUG   HandlerThread:402485 [handler.py:handle_request():144] handle_request: defer
2023-03-02 11:32:32,430 INFO    HandlerThread:402485 [handler.py:handle_request_defer():170] handle defer: 1
2023-03-02 11:32:32,430 DEBUG   SenderThread:402485 [sender.py:send_request():363] send_request: defer
2023-03-02 11:32:32,430 INFO    SenderThread:402485 [sender.py:send_request_defer():583] handle sender defer: 1
2023-03-02 11:32:32,430 INFO    SenderThread:402485 [sender.py:transition_state():587] send defer: 2
2023-03-02 11:32:32,430 DEBUG   HandlerThread:402485 [handler.py:handle_request():144] handle_request: defer
2023-03-02 11:32:32,430 INFO    HandlerThread:402485 [handler.py:handle_request_defer():170] handle defer: 2
2023-03-02 11:32:32,430 INFO    HandlerThread:402485 [system_monitor.py:finish():161] Stopping system monitor
2023-03-02 11:32:32,431 DEBUG   SystemMonitor:402485 [system_monitor.py:_start():137] Finished system metrics aggregation loop
2023-03-02 11:32:32,431 DEBUG   SystemMonitor:402485 [system_monitor.py:_start():141] Publishing last batch of metrics
2023-03-02 11:32:32,432 INFO    HandlerThread:402485 [interfaces.py:finish():175] Joined cpu
2023-03-02 11:32:32,432 INFO    HandlerThread:402485 [interfaces.py:finish():175] Joined disk
2023-03-02 11:32:32,472 INFO    HandlerThread:402485 [interfaces.py:finish():175] Joined gpu
2023-03-02 11:32:32,472 INFO    HandlerThread:402485 [interfaces.py:finish():175] Joined memory
2023-03-02 11:32:32,472 INFO    HandlerThread:402485 [interfaces.py:finish():175] Joined network
2023-03-02 11:32:32,472 DEBUG   SenderThread:402485 [sender.py:send_request():363] send_request: defer
2023-03-02 11:32:32,472 INFO    SenderThread:402485 [sender.py:send_request_defer():583] handle sender defer: 2
2023-03-02 11:32:32,473 INFO    SenderThread:402485 [sender.py:transition_state():587] send defer: 3
2023-03-02 11:32:32,473 DEBUG   SenderThread:402485 [sender.py:send():336] send: stats
2023-03-02 11:32:32,473 DEBUG   HandlerThread:402485 [handler.py:handle_request():144] handle_request: defer
2023-03-02 11:32:32,473 INFO    HandlerThread:402485 [handler.py:handle_request_defer():170] handle defer: 3
2023-03-02 11:32:32,473 DEBUG   SenderThread:402485 [sender.py:send_request():363] send_request: defer
2023-03-02 11:32:32,473 INFO    SenderThread:402485 [sender.py:send_request_defer():583] handle sender defer: 3
2023-03-02 11:32:32,473 INFO    SenderThread:402485 [sender.py:transition_state():587] send defer: 4
2023-03-02 11:32:32,473 DEBUG   HandlerThread:402485 [handler.py:handle_request():144] handle_request: defer
2023-03-02 11:32:32,473 INFO    HandlerThread:402485 [handler.py:handle_request_defer():170] handle defer: 4
2023-03-02 11:32:33,362 INFO    Thread-13 :402485 [dir_watcher.py:_on_file_modified():292] file/dir modified: /home/quantumiracle/research/humanRL_prior_games/wandb/run-20230302_112845-n90xy8mg/files/wandb-summary.json
2023-03-02 11:32:34,363 INFO    Thread-13 :402485 [dir_watcher.py:_on_file_modified():292] file/dir modified: /home/quantumiracle/research/humanRL_prior_games/wandb/run-20230302_112845-n90xy8mg/files/output.log
2023-03-02 11:32:34,364 INFO    Thread-13 :402485 [dir_watcher.py:_on_file_modified():292] file/dir modified: /home/quantumiracle/research/humanRL_prior_games/wandb/run-20230302_112845-n90xy8mg/files/events.out.tfevents.1677774531.quantumiracle-XPS-8940.402457.0
2023-03-02 11:32:39,094 DEBUG   HandlerThread:402485 [handler.py:handle_request():144] handle_request: poll_exit
2023-03-02 11:32:39,096 DEBUG   HandlerThread:402485 [handler.py:handle_request():144] handle_request: status_report
2023-03-02 11:32:39,096 DEBUG   SenderThread:402485 [sender.py:send_request():363] send_request: defer
2023-03-02 11:32:39,096 DEBUG   HandlerThread:402485 [handler.py:handle_request():144] handle_request: keepalive
2023-03-02 11:32:39,097 INFO    SenderThread:402485 [sender.py:send_request_defer():583] handle sender defer: 4
2023-03-02 11:32:39,098 INFO    SenderThread:402485 [sender.py:transition_state():587] send defer: 5
2023-03-02 11:32:39,098 DEBUG   SenderThread:402485 [sender.py:send_request():363] send_request: poll_exit
2023-03-02 11:32:39,098 DEBUG   HandlerThread:402485 [handler.py:handle_request():144] handle_request: defer
2023-03-02 11:32:39,098 DEBUG   SenderThread:402485 [sender.py:send():336] send: history
2023-03-02 11:32:39,098 INFO    HandlerThread:402485 [handler.py:handle_request_defer():170] handle defer: 5
2023-03-02 11:32:39,098 DEBUG   SenderThread:402485 [sender.py:send_request():363] send_request: summary_record
2023-03-02 11:32:39,098 INFO    SenderThread:402485 [sender.py:_save_file():1321] saving file wandb-summary.json with policy end
2023-03-02 11:32:39,099 DEBUG   SenderThread:402485 [sender.py:send():336] send: history
2023-03-02 11:32:39,099 DEBUG   SenderThread:402485 [sender.py:send_request():363] send_request: summary_record
2023-03-02 11:32:39,113 INFO    SenderThread:402485 [sender.py:_save_file():1321] saving file wandb-summary.json with policy end
2023-03-02 11:32:39,114 DEBUG   SenderThread:402485 [sender.py:send():336] send: history
2023-03-02 11:32:39,114 DEBUG   SenderThread:402485 [sender.py:send_request():363] send_request: summary_record
2023-03-02 11:32:39,146 INFO    SenderThread:402485 [sender.py:_save_file():1321] saving file wandb-summary.json with policy end
2023-03-02 11:32:39,146 DEBUG   SenderThread:402485 [sender.py:send():336] send: history
2023-03-02 11:32:39,146 DEBUG   SenderThread:402485 [sender.py:send_request():363] send_request: summary_record
2023-03-02 11:32:39,170 INFO    SenderThread:402485 [sender.py:_save_file():1321] saving file wandb-summary.json with policy end
2023-03-02 11:32:39,170 DEBUG   SenderThread:402485 [sender.py:send():336] send: history
2023-03-02 11:32:39,170 DEBUG   SenderThread:402485 [sender.py:send_request():363] send_request: summary_record
2023-03-02 11:32:39,180 WARNING StreamThr :402485 [internal.py:is_dead():416] Internal process exiting, parent pid 402457 disappeared
2023-03-02 11:32:39,180 ERROR   StreamThr :402485 [internal.py:wandb_internal():153] Internal process shutdown.
2023-03-02 11:32:39,188 INFO    SenderThread:402485 [sender.py:_save_file():1321] saving file wandb-summary.json with policy end
2023-03-02 11:32:39,188 INFO    SenderThread:402485 [sender.py:finish():1493] shutting down sender
2023-03-02 11:32:39,203 INFO    WriterThread:402485 [datastore.py:close():299] close: /home/quantumiracle/research/humanRL_prior_games/wandb/run-20230302_112845-n90xy8mg/run-n90xy8mg.wandb
2023-03-02 11:32:39,365 INFO    Thread-13 :402485 [dir_watcher.py:_on_file_modified():292] file/dir modified: /home/quantumiracle/research/humanRL_prior_games/wandb/run-20230302_112845-n90xy8mg/files/wandb-summary.json
2023-03-02 11:32:40,098 INFO    HandlerThread:402485 [handler.py:finish():841] shutting down handler
2023-03-02 11:32:41,457 INFO    SenderThread:402485 [dir_watcher.py:finish():362] shutting down directory watcher
2023-03-02 11:32:42,366 INFO    SenderThread:402485 [dir_watcher.py:_on_file_modified():292] file/dir modified: /home/quantumiracle/research/humanRL_prior_games/wandb/run-20230302_112845-n90xy8mg/files/output.log
2023-03-02 11:32:42,366 INFO    SenderThread:402485 [dir_watcher.py:finish():392] scan: /home/quantumiracle/research/humanRL_prior_games/wandb/run-20230302_112845-n90xy8mg/files
2023-03-02 11:32:42,366 INFO    SenderThread:402485 [dir_watcher.py:finish():406] scan save: /home/quantumiracle/research/humanRL_prior_games/wandb/run-20230302_112845-n90xy8mg/files/wandb-metadata.json wandb-metadata.json
2023-03-02 11:32:42,366 INFO    SenderThread:402485 [dir_watcher.py:finish():406] scan save: /home/quantumiracle/research/humanRL_prior_games/wandb/run-20230302_112845-n90xy8mg/files/conda-environment.yaml conda-environment.yaml
2023-03-02 11:32:42,367 INFO    SenderThread:402485 [dir_watcher.py:finish():406] scan save: /home/quantumiracle/research/humanRL_prior_games/wandb/run-20230302_112845-n90xy8mg/files/requirements.txt requirements.txt
2023-03-02 11:32:42,367 INFO    SenderThread:402485 [dir_watcher.py:finish():406] scan save: /home/quantumiracle/research/humanRL_prior_games/wandb/run-20230302_112845-n90xy8mg/files/diff.patch diff.patch
2023-03-02 11:32:42,367 INFO    SenderThread:402485 [dir_watcher.py:finish():406] scan save: /home/quantumiracle/research/humanRL_prior_games/wandb/run-20230302_112845-n90xy8mg/files/events.out.tfevents.1677774531.quantumiracle-XPS-8940.402457.0 events.out.tfevents.1677774531.quantumiracle-XPS-8940.402457.0
2023-03-02 11:32:42,370 INFO    SenderThread:402485 [dir_watcher.py:finish():406] scan save: /home/quantumiracle/research/humanRL_prior_games/wandb/run-20230302_112845-n90xy8mg/files/wandb-summary.json wandb-summary.json
2023-03-02 11:32:42,371 INFO    SenderThread:402485 [dir_watcher.py:finish():406] scan save: /home/quantumiracle/research/humanRL_prior_games/wandb/run-20230302_112845-n90xy8mg/files/config.yaml config.yaml
2023-03-02 11:32:42,371 INFO    SenderThread:402485 [dir_watcher.py:finish():406] scan save: /home/quantumiracle/research/humanRL_prior_games/wandb/run-20230302_112845-n90xy8mg/files/output.log output.log
2023-03-02 11:32:42,371 INFO    SenderThread:402485 [dir_watcher.py:finish():406] scan save: /home/quantumiracle/research/humanRL_prior_games/wandb/run-20230302_112845-n90xy8mg/files/code/humanRL_gym_ple/modified_dqn_ple.py code/humanRL_gym_ple/modified_dqn_ple.py
2023-03-02 11:32:42,371 INFO    SenderThread:402485 [file_pusher.py:finish():162] shutting down file pusher
2023-03-02 11:32:42,371 INFO    SenderThread:402485 [file_pusher.py:join():167] waiting for file pusher
2023-03-02 11:32:42,455 ERROR   Thread-12 :402485 [step_upload.py:_handle_event():142] Failed to upload file: /home/quantumiracle/research/humanRL_prior_games/wandb/run-20230302_112845-n90xy8mg/files/output.log
Traceback (most recent call last):
  File "/home/quantumiracle/anaconda3/envs/x/lib/python3.7/site-packages/wandb/apis/normalize.py", line 26, in wrapper
    return func(*args, **kwargs)
  File "/home/quantumiracle/anaconda3/envs/x/lib/python3.7/site-packages/wandb/sdk/internal/internal_api.py", line 1769, in upload_urls
    raise CommError(f"Run does not exist {entity}/{project}/{run_id}.")
wandb.errors.CommError: Run does not exist quantumiracle/dqn_ple/n90xy8mg.

During handling of the above exception, another exception occurred:

Traceback (most recent call last):
  File "/home/quantumiracle/anaconda3/envs/x/lib/python3.7/concurrent/futures/thread.py", line 57, in run
    result = self.fn(*self.args, **self.kwargs)
  File "/home/quantumiracle/anaconda3/envs/x/lib/python3.7/site-packages/wandb/filesync/step_upload.py", line 235, in run_and_notify
    job.run()
  File "/home/quantumiracle/anaconda3/envs/x/lib/python3.7/site-packages/wandb/filesync/upload_job.py", line 62, in run
    self.push()
  File "/home/quantumiracle/anaconda3/envs/x/lib/python3.7/site-packages/wandb/filesync/upload_job.py", line 113, in push
    _, upload_headers, result = self._api.upload_urls(project, [self.save_name])
  File "/home/quantumiracle/anaconda3/envs/x/lib/python3.7/site-packages/wandb/apis/normalize.py", line 64, in wrapper
    raise CommError(message, err).with_traceback(sys.exc_info()[2])
  File "/home/quantumiracle/anaconda3/envs/x/lib/python3.7/site-packages/wandb/apis/normalize.py", line 26, in wrapper
    return func(*args, **kwargs)
  File "/home/quantumiracle/anaconda3/envs/x/lib/python3.7/site-packages/wandb/sdk/internal/internal_api.py", line 1769, in upload_urls
    raise CommError(f"Run does not exist {entity}/{project}/{run_id}.")
wandb.errors.CommError: Run does not exist quantumiracle/dqn_ple/n90xy8mg.
2023-03-02 11:32:42,458 ERROR   Thread-12 :402485 [step_upload.py:_handle_event():142] Failed to upload file: /home/quantumiracle/research/humanRL_prior_games/wandb/run-20230302_112845-n90xy8mg/files/config.yaml
Traceback (most recent call last):
  File "/home/quantumiracle/anaconda3/envs/x/lib/python3.7/site-packages/wandb/apis/normalize.py", line 26, in wrapper
    return func(*args, **kwargs)
  File "/home/quantumiracle/anaconda3/envs/x/lib/python3.7/site-packages/wandb/sdk/internal/internal_api.py", line 1769, in upload_urls
    raise CommError(f"Run does not exist {entity}/{project}/{run_id}.")
wandb.errors.CommError: Run does not exist quantumiracle/dqn_ple/n90xy8mg.

During handling of the above exception, another exception occurred:

Traceback (most recent call last):
  File "/home/quantumiracle/anaconda3/envs/x/lib/python3.7/concurrent/futures/thread.py", line 57, in run
    result = self.fn(*self.args, **self.kwargs)
  File "/home/quantumiracle/anaconda3/envs/x/lib/python3.7/site-packages/wandb/filesync/step_upload.py", line 235, in run_and_notify
    job.run()
  File "/home/quantumiracle/anaconda3/envs/x/lib/python3.7/site-packages/wandb/filesync/upload_job.py", line 62, in run
    self.push()
  File "/home/quantumiracle/anaconda3/envs/x/lib/python3.7/site-packages/wandb/filesync/upload_job.py", line 113, in push
    _, upload_headers, result = self._api.upload_urls(project, [self.save_name])
  File "/home/quantumiracle/anaconda3/envs/x/lib/python3.7/site-packages/wandb/apis/normalize.py", line 64, in wrapper
    raise CommError(message, err).with_traceback(sys.exc_info()[2])
  File "/home/quantumiracle/anaconda3/envs/x/lib/python3.7/site-packages/wandb/apis/normalize.py", line 26, in wrapper
    return func(*args, **kwargs)
  File "/home/quantumiracle/anaconda3/envs/x/lib/python3.7/site-packages/wandb/sdk/internal/internal_api.py", line 1769, in upload_urls
    raise CommError(f"Run does not exist {entity}/{project}/{run_id}.")
wandb.errors.CommError: Run does not exist quantumiracle/dqn_ple/n90xy8mg.
2023-03-02 11:32:42,462 ERROR   Thread-12 :402485 [step_upload.py:_handle_event():142] Failed to upload file: /home/quantumiracle/research/humanRL_prior_games/wandb/run-20230302_112845-n90xy8mg/files/requirements.txt
Traceback (most recent call last):
  File "/home/quantumiracle/anaconda3/envs/x/lib/python3.7/site-packages/wandb/apis/normalize.py", line 26, in wrapper
    return func(*args, **kwargs)
  File "/home/quantumiracle/anaconda3/envs/x/lib/python3.7/site-packages/wandb/sdk/internal/internal_api.py", line 1769, in upload_urls
    raise CommError(f"Run does not exist {entity}/{project}/{run_id}.")
wandb.errors.CommError: Run does not exist quantumiracle/dqn_ple/n90xy8mg.

During handling of the above exception, another exception occurred:

Traceback (most recent call last):
  File "/home/quantumiracle/anaconda3/envs/x/lib/python3.7/concurrent/futures/thread.py", line 57, in run
    result = self.fn(*self.args, **self.kwargs)
  File "/home/quantumiracle/anaconda3/envs/x/lib/python3.7/site-packages/wandb/filesync/step_upload.py", line 235, in run_and_notify
    job.run()
  File "/home/quantumiracle/anaconda3/envs/x/lib/python3.7/site-packages/wandb/filesync/upload_job.py", line 62, in run
    self.push()
  File "/home/quantumiracle/anaconda3/envs/x/lib/python3.7/site-packages/wandb/filesync/upload_job.py", line 113, in push
    _, upload_headers, result = self._api.upload_urls(project, [self.save_name])
  File "/home/quantumiracle/anaconda3/envs/x/lib/python3.7/site-packages/wandb/apis/normalize.py", line 64, in wrapper
    raise CommError(message, err).with_traceback(sys.exc_info()[2])
  File "/home/quantumiracle/anaconda3/envs/x/lib/python3.7/site-packages/wandb/apis/normalize.py", line 26, in wrapper
    return func(*args, **kwargs)
  File "/home/quantumiracle/anaconda3/envs/x/lib/python3.7/site-packages/wandb/sdk/internal/internal_api.py", line 1769, in upload_urls
    raise CommError(f"Run does not exist {entity}/{project}/{run_id}.")
wandb.errors.CommError: Run does not exist quantumiracle/dqn_ple/n90xy8mg.
2023-03-02 11:32:42,465 ERROR   Thread-12 :402485 [step_upload.py:_handle_event():142] Failed to upload file: /tmp/tmpfce9_aqqwandb/iyu9hi7n-events.out.tfevents.1677774531.quantumiracle-XPS-8940.402457.0
Traceback (most recent call last):
  File "/home/quantumiracle/anaconda3/envs/x/lib/python3.7/site-packages/wandb/apis/normalize.py", line 26, in wrapper
    return func(*args, **kwargs)
  File "/home/quantumiracle/anaconda3/envs/x/lib/python3.7/site-packages/wandb/sdk/internal/internal_api.py", line 1769, in upload_urls
    raise CommError(f"Run does not exist {entity}/{project}/{run_id}.")
wandb.errors.CommError: Run does not exist quantumiracle/dqn_ple/n90xy8mg.

During handling of the above exception, another exception occurred:

Traceback (most recent call last):
  File "/home/quantumiracle/anaconda3/envs/x/lib/python3.7/concurrent/futures/thread.py", line 57, in run
    result = self.fn(*self.args, **self.kwargs)
  File "/home/quantumiracle/anaconda3/envs/x/lib/python3.7/site-packages/wandb/filesync/step_upload.py", line 235, in run_and_notify
    job.run()
  File "/home/quantumiracle/anaconda3/envs/x/lib/python3.7/site-packages/wandb/filesync/upload_job.py", line 62, in run
    self.push()
  File "/home/quantumiracle/anaconda3/envs/x/lib/python3.7/site-packages/wandb/filesync/upload_job.py", line 113, in push
    _, upload_headers, result = self._api.upload_urls(project, [self.save_name])
  File "/home/quantumiracle/anaconda3/envs/x/lib/python3.7/site-packages/wandb/apis/normalize.py", line 64, in wrapper
    raise CommError(message, err).with_traceback(sys.exc_info()[2])
  File "/home/quantumiracle/anaconda3/envs/x/lib/python3.7/site-packages/wandb/apis/normalize.py", line 26, in wrapper
    return func(*args, **kwargs)
  File "/home/quantumiracle/anaconda3/envs/x/lib/python3.7/site-packages/wandb/sdk/internal/internal_api.py", line 1769, in upload_urls
    raise CommError(f"Run does not exist {entity}/{project}/{run_id}.")
wandb.errors.CommError: Run does not exist quantumiracle/dqn_ple/n90xy8mg.
2023-03-02 11:32:42,755 ERROR   Thread-12 :402485 [step_upload.py:_handle_event():142] Failed to upload file: /home/quantumiracle/research/humanRL_prior_games/wandb/run-20230302_112845-n90xy8mg/files/wandb-summary.json
Traceback (most recent call last):
  File "/home/quantumiracle/anaconda3/envs/x/lib/python3.7/site-packages/wandb/apis/normalize.py", line 26, in wrapper
    return func(*args, **kwargs)
  File "/home/quantumiracle/anaconda3/envs/x/lib/python3.7/site-packages/wandb/sdk/internal/internal_api.py", line 1769, in upload_urls
    raise CommError(f"Run does not exist {entity}/{project}/{run_id}.")
wandb.errors.CommError: Run does not exist quantumiracle/dqn_ple/n90xy8mg.

During handling of the above exception, another exception occurred:

Traceback (most recent call last):
  File "/home/quantumiracle/anaconda3/envs/x/lib/python3.7/concurrent/futures/thread.py", line 57, in run
    result = self.fn(*self.args, **self.kwargs)
  File "/home/quantumiracle/anaconda3/envs/x/lib/python3.7/site-packages/wandb/filesync/step_upload.py", line 235, in run_and_notify
    job.run()
  File "/home/quantumiracle/anaconda3/envs/x/lib/python3.7/site-packages/wandb/filesync/upload_job.py", line 62, in run
    self.push()
  File "/home/quantumiracle/anaconda3/envs/x/lib/python3.7/site-packages/wandb/filesync/upload_job.py", line 113, in push
    _, upload_headers, result = self._api.upload_urls(project, [self.save_name])
  File "/home/quantumiracle/anaconda3/envs/x/lib/python3.7/site-packages/wandb/apis/normalize.py", line 64, in wrapper
    raise CommError(message, err).with_traceback(sys.exc_info()[2])
  File "/home/quantumiracle/anaconda3/envs/x/lib/python3.7/site-packages/wandb/apis/normalize.py", line 26, in wrapper
    return func(*args, **kwargs)
  File "/home/quantumiracle/anaconda3/envs/x/lib/python3.7/site-packages/wandb/sdk/internal/internal_api.py", line 1769, in upload_urls
    raise CommError(f"Run does not exist {entity}/{project}/{run_id}.")
wandb.errors.CommError: Run does not exist quantumiracle/dqn_ple/n90xy8mg.
