2023-03-02 21:51:54,297 INFO    StreamThr :481420 [internal.py:wandb_internal():90] W&B internal server running at pid: 481420, started at: 2023-03-02 21:51:54.296967
2023-03-02 21:51:54,298 DEBUG   HandlerThread:481420 [handler.py:handle_request():144] handle_request: status
2023-03-02 21:51:54,300 INFO    WriterThread:481420 [datastore.py:open_for_write():85] open: /home/quantumiracle/research/humanRL_prior_games/wandb/run-20230302_215154-vnb63nts/run-vnb63nts.wandb
2023-03-02 21:51:54,300 DEBUG   SenderThread:481420 [sender.py:send():336] send: header
2023-03-02 21:51:54,315 DEBUG   SenderThread:481420 [sender.py:send():336] send: run
2023-03-02 21:51:54,507 DEBUG   HandlerThread:481420 [handler.py:handle_request():144] handle_request: check_version
2023-03-02 21:51:54,508 INFO    SenderThread:481420 [dir_watcher.py:__init__():216] watching files in: /home/quantumiracle/research/humanRL_prior_games/wandb/run-20230302_215154-vnb63nts/files
2023-03-02 21:51:54,508 INFO    SenderThread:481420 [sender.py:_start_run_threads():1070] run started: vnb63nts with start time 1677811914.297701
2023-03-02 21:51:54,508 DEBUG   SenderThread:481420 [sender.py:send_request():363] send_request: summary_record
2023-03-02 21:51:54,508 INFO    SenderThread:481420 [sender.py:_save_file():1321] saving file wandb-summary.json with policy end
2023-03-02 21:51:54,508 DEBUG   SenderThread:481420 [sender.py:send_request():363] send_request: check_version
2023-03-02 21:51:54,606 DEBUG   HandlerThread:481420 [handler.py:handle_request():144] handle_request: run_start
2023-03-02 21:51:54,615 DEBUG   HandlerThread:481420 [system_info.py:__init__():31] System info init
2023-03-02 21:51:54,615 DEBUG   HandlerThread:481420 [system_info.py:__init__():46] System info init done
2023-03-02 21:51:54,615 INFO    HandlerThread:481420 [system_monitor.py:start():151] Starting system monitor
2023-03-02 21:51:54,615 INFO    SystemMonitor:481420 [system_monitor.py:_start():116] Starting system asset monitoring threads
2023-03-02 21:51:54,615 INFO    HandlerThread:481420 [system_monitor.py:probe():172] Collecting system info
2023-03-02 21:51:54,616 INFO    SystemMonitor:481420 [interfaces.py:start():168] Started cpu
2023-03-02 21:51:54,616 INFO    SystemMonitor:481420 [interfaces.py:start():168] Started disk
2023-03-02 21:51:54,616 INFO    SystemMonitor:481420 [interfaces.py:start():168] Started gpu
2023-03-02 21:51:54,617 INFO    SystemMonitor:481420 [interfaces.py:start():168] Started memory
2023-03-02 21:51:54,617 INFO    SystemMonitor:481420 [interfaces.py:start():168] Started network
2023-03-02 21:51:54,640 DEBUG   HandlerThread:481420 [system_info.py:probe():195] Probing system
2023-03-02 21:51:54,640 DEBUG   HandlerThread:481420 [system_info.py:_probe_git():180] Probing git
2023-03-02 21:51:54,651 DEBUG   HandlerThread:481420 [system_info.py:_probe_git():188] Probing git done
2023-03-02 21:51:54,651 DEBUG   HandlerThread:481420 [system_info.py:probe():241] Probing system done
2023-03-02 21:51:54,651 DEBUG   HandlerThread:481420 [system_monitor.py:probe():181] {'os': 'Linux-5.15.0-60-generic-x86_64-with-debian-bullseye-sid', 'python': '3.7.0', 'heartbeatAt': '2023-03-03T02:51:54.640462', 'startedAt': '2023-03-03T02:51:54.291420', 'docker': None, 'cuda': None, 'args': (), 'state': 'running', 'program': 'humanRL_gym_ple/dqn_ple.py', 'codePath': 'humanRL_gym_ple/dqn_ple.py', 'git': {'remote': 'https://github.com/rach0012/humanRL_prior_games.git', 'commit': 'c9fff26af5df3e1cdea023536da5fda114ba5c60'}, 'email': 'zhding@mail.ustc.edu.cn', 'root': '/home/quantumiracle/research/humanRL_prior_games', 'host': 'quantumiracle-XPS-8940', 'username': 'quantumiracle', 'executable': '/home/quantumiracle/anaconda3/envs/x/bin/python', 'cpu_count': 8, 'cpu_count_logical': 16, 'cpu_freq': {'current': 2825.5746874999995, 'min': 800.0, 'max': 4825.0}, 'cpu_freq_per_core': [{'current': 2500.0, 'min': 800.0, 'max': 4800.0}, {'current': 2500.0, 'min': 800.0, 'max': 4800.0}, {'current': 2500.0, 'min': 800.0, 'max': 4900.0}, {'current': 2500.0, 'min': 800.0, 'max': 4900.0}, {'current': 2500.0, 'min': 800.0, 'max': 4800.0}, {'current': 2500.0, 'min': 800.0, 'max': 4800.0}, {'current': 2500.0, 'min': 800.0, 'max': 4800.0}, {'current': 2500.0, 'min': 800.0, 'max': 4800.0}, {'current': 2500.0, 'min': 800.0, 'max': 4800.0}, {'current': 2500.0, 'min': 800.0, 'max': 4800.0}, {'current': 2500.0, 'min': 800.0, 'max': 4900.0}, {'current': 2500.0, 'min': 800.0, 'max': 4900.0}, {'current': 2500.0, 'min': 800.0, 'max': 4800.0}, {'current': 2500.0, 'min': 800.0, 'max': 4800.0}, {'current': 4274.905, 'min': 800.0, 'max': 4800.0}, {'current': 3987.795, 'min': 800.0, 'max': 4800.0}], 'disk': {'total': 915.3232879638672, 'used': 867.7277145385742}, 'gpu': 'NVIDIA GeForce RTX 3060 Ti', 'gpu_count': 1, 'gpu_devices': [{'name': 'NVIDIA GeForce RTX 3060 Ti', 'memory_total': 8589934592}], 'memory': {'total': 62.483726501464844}}
2023-03-02 21:51:54,651 INFO    HandlerThread:481420 [system_monitor.py:probe():182] Finished collecting system info
2023-03-02 21:51:54,651 INFO    HandlerThread:481420 [system_monitor.py:probe():185] Publishing system info
2023-03-02 21:51:54,651 DEBUG   HandlerThread:481420 [system_info.py:_save_pip():52] Saving list of pip packages installed into the current environment
2023-03-02 21:51:54,651 DEBUG   HandlerThread:481420 [system_info.py:_save_pip():67] Saving pip packages done
2023-03-02 21:51:54,651 DEBUG   HandlerThread:481420 [system_info.py:_save_conda():75] Saving list of conda packages installed into the current environment
2023-03-02 21:51:55,510 INFO    Thread-13 :481420 [dir_watcher.py:_on_file_created():275] file/dir created: /home/quantumiracle/research/humanRL_prior_games/wandb/run-20230302_215154-vnb63nts/files/conda-environment.yaml
2023-03-02 21:51:55,510 INFO    Thread-13 :481420 [dir_watcher.py:_on_file_created():275] file/dir created: /home/quantumiracle/research/humanRL_prior_games/wandb/run-20230302_215154-vnb63nts/files/wandb-summary.json
2023-03-02 21:51:55,510 INFO    Thread-13 :481420 [dir_watcher.py:_on_file_created():275] file/dir created: /home/quantumiracle/research/humanRL_prior_games/wandb/run-20230302_215154-vnb63nts/files/requirements.txt
2023-03-02 21:51:56,132 DEBUG   HandlerThread:481420 [system_info.py:_save_conda():86] Saving conda packages done
2023-03-02 21:51:56,133 DEBUG   HandlerThread:481420 [system_info.py:_save_code():89] Saving code
2023-03-02 21:51:56,137 DEBUG   HandlerThread:481420 [system_info.py:_save_code():110] Saving code done
2023-03-02 21:51:56,138 DEBUG   HandlerThread:481420 [system_info.py:_save_patches():127] Saving git patches
2023-03-02 21:51:56,162 DEBUG   HandlerThread:481420 [system_info.py:_save_patches():169] Saving git patches done
2023-03-02 21:51:56,163 INFO    HandlerThread:481420 [system_monitor.py:probe():187] Finished publishing system info
2023-03-02 21:51:56,166 DEBUG   SenderThread:481420 [sender.py:send():336] send: files
2023-03-02 21:51:56,166 INFO    SenderThread:481420 [sender.py:_save_file():1321] saving file wandb-metadata.json with policy now
2023-03-02 21:51:56,166 INFO    SenderThread:481420 [sender.py:_save_file():1321] saving file code/humanRL_gym_ple/dqn_ple.py with policy now
2023-03-02 21:51:56,167 INFO    SenderThread:481420 [sender.py:_save_file():1321] saving file diff.patch with policy now
2023-03-02 21:51:56,172 DEBUG   HandlerThread:481420 [handler.py:handle_request():144] handle_request: stop_status
2023-03-02 21:51:56,172 DEBUG   SenderThread:481420 [sender.py:send():336] send: telemetry
2023-03-02 21:51:56,173 DEBUG   SenderThread:481420 [sender.py:send_request():363] send_request: stop_status
2023-03-02 21:51:56,264 INFO    wandb-upload_1:481420 [upload_job.py:push():118] Skipped uploading /tmp/tmpkzh1luzqwandb/d1oj5rb8-code/humanRL_gym_ple/dqn_ple.py
2023-03-02 21:51:56,506 INFO    wandb-upload_0:481420 [upload_job.py:push():138] Uploaded file /tmp/tmpkzh1luzqwandb/vwq82als-wandb-metadata.json
2023-03-02 21:51:56,509 INFO    Thread-13 :481420 [dir_watcher.py:_on_file_created():275] file/dir created: /home/quantumiracle/research/humanRL_prior_games/wandb/run-20230302_215154-vnb63nts/files/output.log
2023-03-02 21:51:56,509 INFO    Thread-13 :481420 [dir_watcher.py:_on_file_created():275] file/dir created: /home/quantumiracle/research/humanRL_prior_games/wandb/run-20230302_215154-vnb63nts/files/code/humanRL_gym_ple/dqn_ple.py
2023-03-02 21:51:56,509 INFO    Thread-13 :481420 [dir_watcher.py:_on_file_created():275] file/dir created: /home/quantumiracle/research/humanRL_prior_games/wandb/run-20230302_215154-vnb63nts/files/diff.patch
2023-03-02 21:51:56,509 INFO    Thread-13 :481420 [dir_watcher.py:_on_file_created():275] file/dir created: /home/quantumiracle/research/humanRL_prior_games/wandb/run-20230302_215154-vnb63nts/files/wandb-metadata.json
2023-03-02 21:51:56,509 INFO    Thread-13 :481420 [dir_watcher.py:_on_file_created():275] file/dir created: /home/quantumiracle/research/humanRL_prior_games/wandb/run-20230302_215154-vnb63nts/files/code
2023-03-02 21:51:56,509 INFO    Thread-13 :481420 [dir_watcher.py:_on_file_created():275] file/dir created: /home/quantumiracle/research/humanRL_prior_games/wandb/run-20230302_215154-vnb63nts/files/code/humanRL_gym_ple
2023-03-02 21:51:56,544 INFO    wandb-upload_2:481420 [upload_job.py:push():138] Uploaded file /tmp/tmpkzh1luzqwandb/irl74bl1-diff.patch
2023-03-02 21:51:57,961 INFO    HandlerThread:481420 [handler.py:handle_tbrecord():748] handling tbrecord: tbrecord {
  log_dir: "runs/smallGame"
  save: true
}
control {
  relay_id: "2bdb6177d8924735aca92d671cf4544f"
}
_info {
  stream_id: "vnb63nts"
}

2023-03-02 21:51:57,961 DEBUG   HandlerThread:481420 [config_util.py:dict_from_config_file():100] no default config file found in config-defaults.yaml
2023-03-02 21:51:57,979 DEBUG   SenderThread:481420 [sender.py:send():336] send: tbrecord
2023-03-02 21:51:58,511 INFO    Thread-13 :481420 [dir_watcher.py:_on_file_modified():292] file/dir modified: /home/quantumiracle/research/humanRL_prior_games/wandb/run-20230302_215154-vnb63nts/files/output.log
2023-03-02 21:51:58,741 DEBUG   SenderThread:481420 [sender.py:send():336] send: files
2023-03-02 21:51:58,741 INFO    SenderThread:481420 [sender.py:_save_file():1321] saving file events.out.tfevents.1677811917.quantumiracle-XPS-8940.481392.0 with policy live
2023-03-02 21:51:59,040 INFO    wandb-upload_1:481420 [upload_job.py:push():138] Uploaded file /tmp/tmpkzh1luzqwandb/hqciopam-events.out.tfevents.1677811917.quantumiracle-XPS-8940.481392.0
2023-03-02 21:51:59,412 DEBUG   HandlerThread:481420 [handler.py:handle_request():144] handle_request: status_report
2023-03-02 21:51:59,510 INFO    Thread-13 :481420 [dir_watcher.py:_on_file_created():275] file/dir created: /home/quantumiracle/research/humanRL_prior_games/wandb/run-20230302_215154-vnb63nts/files/events.out.tfevents.1677811917.quantumiracle-XPS-8940.481392.0
2023-03-02 21:52:00,511 INFO    Thread-13 :481420 [dir_watcher.py:_on_file_modified():292] file/dir modified: /home/quantumiracle/research/humanRL_prior_games/wandb/run-20230302_215154-vnb63nts/files/output.log
2023-03-02 21:52:04,512 INFO    Thread-13 :481420 [dir_watcher.py:_on_file_modified():292] file/dir modified: /home/quantumiracle/research/humanRL_prior_games/wandb/run-20230302_215154-vnb63nts/files/output.log
2023-03-02 21:52:05,355 DEBUG   HandlerThread:481420 [handler.py:handle_request():144] handle_request: status_report
2023-03-02 21:52:10,356 DEBUG   HandlerThread:481420 [handler.py:handle_request():144] handle_request: status_report
2023-03-02 21:52:11,171 DEBUG   HandlerThread:481420 [handler.py:handle_request():144] handle_request: keepalive
2023-03-02 21:52:14,904 DEBUG   SenderThread:481420 [sender.py:send():336] send: exit
2023-03-02 21:52:14,905 INFO    SenderThread:481420 [sender.py:send_exit():559] handling exit code: 255
2023-03-02 21:52:14,905 INFO    SenderThread:481420 [sender.py:send_exit():561] handling runtime: 20
2023-03-02 21:52:14,906 INFO    SenderThread:481420 [sender.py:_save_file():1321] saving file wandb-summary.json with policy end
2023-03-02 21:52:14,906 INFO    SenderThread:481420 [sender.py:send_exit():567] send defer
2023-03-02 21:52:14,906 DEBUG   HandlerThread:481420 [handler.py:handle_request():144] handle_request: defer
2023-03-02 21:52:14,906 INFO    HandlerThread:481420 [handler.py:handle_request_defer():170] handle defer: 0
2023-03-02 21:52:14,906 DEBUG   SenderThread:481420 [sender.py:send_request():363] send_request: defer
2023-03-02 21:52:14,906 INFO    SenderThread:481420 [sender.py:send_request_defer():583] handle sender defer: 0
2023-03-02 21:52:14,906 INFO    SenderThread:481420 [sender.py:transition_state():587] send defer: 1
2023-03-02 21:52:14,906 DEBUG   HandlerThread:481420 [handler.py:handle_request():144] handle_request: defer
2023-03-02 21:52:14,907 INFO    HandlerThread:481420 [handler.py:handle_request_defer():170] handle defer: 1
2023-03-02 21:52:14,907 DEBUG   SenderThread:481420 [sender.py:send_request():363] send_request: defer
2023-03-02 21:52:14,907 INFO    SenderThread:481420 [sender.py:send_request_defer():583] handle sender defer: 1
2023-03-02 21:52:14,907 INFO    SenderThread:481420 [sender.py:transition_state():587] send defer: 2
2023-03-02 21:52:14,907 DEBUG   HandlerThread:481420 [handler.py:handle_request():144] handle_request: defer
2023-03-02 21:52:14,907 INFO    HandlerThread:481420 [handler.py:handle_request_defer():170] handle defer: 2
2023-03-02 21:52:14,907 INFO    HandlerThread:481420 [system_monitor.py:finish():161] Stopping system monitor
2023-03-02 21:52:14,907 DEBUG   SystemMonitor:481420 [system_monitor.py:_start():130] Starting system metrics aggregation loop
2023-03-02 21:52:14,907 INFO    HandlerThread:481420 [interfaces.py:finish():175] Joined cpu
2023-03-02 21:52:14,907 DEBUG   SystemMonitor:481420 [system_monitor.py:_start():137] Finished system metrics aggregation loop
2023-03-02 21:52:14,907 INFO    HandlerThread:481420 [interfaces.py:finish():175] Joined disk
2023-03-02 21:52:14,907 DEBUG   SystemMonitor:481420 [system_monitor.py:_start():141] Publishing last batch of metrics
2023-03-02 21:52:14,973 INFO    HandlerThread:481420 [interfaces.py:finish():175] Joined gpu
2023-03-02 21:52:14,973 INFO    HandlerThread:481420 [interfaces.py:finish():175] Joined memory
2023-03-02 21:52:14,973 INFO    HandlerThread:481420 [interfaces.py:finish():175] Joined network
2023-03-02 21:52:14,974 DEBUG   SenderThread:481420 [sender.py:send_request():363] send_request: defer
2023-03-02 21:52:14,974 INFO    SenderThread:481420 [sender.py:send_request_defer():583] handle sender defer: 2
2023-03-02 21:52:14,974 INFO    SenderThread:481420 [sender.py:transition_state():587] send defer: 3
2023-03-02 21:52:14,974 DEBUG   SenderThread:481420 [sender.py:send():336] send: stats
2023-03-02 21:52:14,974 DEBUG   HandlerThread:481420 [handler.py:handle_request():144] handle_request: defer
2023-03-02 21:52:14,974 INFO    HandlerThread:481420 [handler.py:handle_request_defer():170] handle defer: 3
2023-03-02 21:52:14,974 DEBUG   SenderThread:481420 [sender.py:send_request():363] send_request: defer
2023-03-02 21:52:14,974 INFO    SenderThread:481420 [sender.py:send_request_defer():583] handle sender defer: 3
2023-03-02 21:52:14,974 INFO    SenderThread:481420 [sender.py:transition_state():587] send defer: 4
2023-03-02 21:52:14,975 DEBUG   HandlerThread:481420 [handler.py:handle_request():144] handle_request: defer
2023-03-02 21:52:14,975 INFO    HandlerThread:481420 [handler.py:handle_request_defer():170] handle defer: 4
2023-03-02 21:52:15,516 INFO    Thread-13 :481420 [dir_watcher.py:_on_file_modified():292] file/dir modified: /home/quantumiracle/research/humanRL_prior_games/wandb/run-20230302_215154-vnb63nts/files/wandb-summary.json
2023-03-02 21:52:16,516 INFO    Thread-13 :481420 [dir_watcher.py:_on_file_modified():292] file/dir modified: /home/quantumiracle/research/humanRL_prior_games/wandb/run-20230302_215154-vnb63nts/files/output.log
2023-03-02 21:52:19,323 WARNING StreamThr :481420 [internal.py:is_dead():416] Internal process exiting, parent pid 481392 disappeared
2023-03-02 21:52:19,323 ERROR   StreamThr :481420 [internal.py:wandb_internal():153] Internal process shutdown.
2023-03-02 21:52:19,975 INFO    WriterThread:481420 [datastore.py:close():299] close: /home/quantumiracle/research/humanRL_prior_games/wandb/run-20230302_215154-vnb63nts/run-vnb63nts.wandb
2023-03-02 21:52:19,975 INFO    SenderThread:481420 [sender.py:finish():1493] shutting down sender
2023-03-02 21:52:20,965 INFO    HandlerThread:481420 [handler.py:finish():841] shutting down handler
2023-03-02 21:52:22,086 INFO    SenderThread:481420 [dir_watcher.py:finish():362] shutting down directory watcher
2023-03-02 21:52:22,517 INFO    SenderThread:481420 [dir_watcher.py:_on_file_modified():292] file/dir modified: /home/quantumiracle/research/humanRL_prior_games/wandb/run-20230302_215154-vnb63nts/files/output.log
2023-03-02 21:52:22,518 INFO    SenderThread:481420 [dir_watcher.py:finish():392] scan: /home/quantumiracle/research/humanRL_prior_games/wandb/run-20230302_215154-vnb63nts/files
2023-03-02 21:52:22,518 INFO    SenderThread:481420 [dir_watcher.py:finish():406] scan save: /home/quantumiracle/research/humanRL_prior_games/wandb/run-20230302_215154-vnb63nts/files/wandb-metadata.json wandb-metadata.json
2023-03-02 21:52:22,518 INFO    SenderThread:481420 [dir_watcher.py:finish():406] scan save: /home/quantumiracle/research/humanRL_prior_games/wandb/run-20230302_215154-vnb63nts/files/conda-environment.yaml conda-environment.yaml
2023-03-02 21:52:22,518 INFO    SenderThread:481420 [dir_watcher.py:finish():406] scan save: /home/quantumiracle/research/humanRL_prior_games/wandb/run-20230302_215154-vnb63nts/files/events.out.tfevents.1677811917.quantumiracle-XPS-8940.481392.0 events.out.tfevents.1677811917.quantumiracle-XPS-8940.481392.0
2023-03-02 21:52:22,518 INFO    SenderThread:481420 [dir_watcher.py:finish():406] scan save: /home/quantumiracle/research/humanRL_prior_games/wandb/run-20230302_215154-vnb63nts/files/requirements.txt requirements.txt
2023-03-02 21:52:22,518 INFO    SenderThread:481420 [dir_watcher.py:finish():406] scan save: /home/quantumiracle/research/humanRL_prior_games/wandb/run-20230302_215154-vnb63nts/files/diff.patch diff.patch
2023-03-02 21:52:22,518 INFO    SenderThread:481420 [dir_watcher.py:finish():406] scan save: /home/quantumiracle/research/humanRL_prior_games/wandb/run-20230302_215154-vnb63nts/files/wandb-summary.json wandb-summary.json
2023-03-02 21:52:22,518 INFO    SenderThread:481420 [dir_watcher.py:finish():406] scan save: /home/quantumiracle/research/humanRL_prior_games/wandb/run-20230302_215154-vnb63nts/files/config.yaml config.yaml
2023-03-02 21:52:22,518 INFO    SenderThread:481420 [dir_watcher.py:finish():406] scan save: /home/quantumiracle/research/humanRL_prior_games/wandb/run-20230302_215154-vnb63nts/files/output.log output.log
2023-03-02 21:52:22,521 INFO    SenderThread:481420 [dir_watcher.py:finish():406] scan save: /home/quantumiracle/research/humanRL_prior_games/wandb/run-20230302_215154-vnb63nts/files/code/humanRL_gym_ple/dqn_ple.py code/humanRL_gym_ple/dqn_ple.py
2023-03-02 21:52:22,522 INFO    SenderThread:481420 [file_pusher.py:finish():162] shutting down file pusher
2023-03-02 21:52:22,522 INFO    SenderThread:481420 [file_pusher.py:join():167] waiting for file pusher
2023-03-02 21:52:22,597 ERROR   Thread-12 :481420 [step_upload.py:_handle_event():142] Failed to upload file: /home/quantumiracle/research/humanRL_prior_games/wandb/run-20230302_215154-vnb63nts/files/wandb-summary.json
Traceback (most recent call last):
  File "/home/quantumiracle/anaconda3/envs/x/lib/python3.7/site-packages/wandb/apis/normalize.py", line 26, in wrapper
    return func(*args, **kwargs)
  File "/home/quantumiracle/anaconda3/envs/x/lib/python3.7/site-packages/wandb/sdk/internal/internal_api.py", line 1769, in upload_urls
    raise CommError(f"Run does not exist {entity}/{project}/{run_id}.")
wandb.errors.CommError: Run does not exist quantumiracle/dqn_ple/vnb63nts.

During handling of the above exception, another exception occurred:

Traceback (most recent call last):
  File "/home/quantumiracle/anaconda3/envs/x/lib/python3.7/concurrent/futures/thread.py", line 57, in run
    result = self.fn(*self.args, **self.kwargs)
  File "/home/quantumiracle/anaconda3/envs/x/lib/python3.7/site-packages/wandb/filesync/step_upload.py", line 235, in run_and_notify
    job.run()
  File "/home/quantumiracle/anaconda3/envs/x/lib/python3.7/site-packages/wandb/filesync/upload_job.py", line 62, in run
    self.push()
  File "/home/quantumiracle/anaconda3/envs/x/lib/python3.7/site-packages/wandb/filesync/upload_job.py", line 113, in push
    _, upload_headers, result = self._api.upload_urls(project, [self.save_name])
  File "/home/quantumiracle/anaconda3/envs/x/lib/python3.7/site-packages/wandb/apis/normalize.py", line 64, in wrapper
    raise CommError(message, err).with_traceback(sys.exc_info()[2])
  File "/home/quantumiracle/anaconda3/envs/x/lib/python3.7/site-packages/wandb/apis/normalize.py", line 26, in wrapper
    return func(*args, **kwargs)
  File "/home/quantumiracle/anaconda3/envs/x/lib/python3.7/site-packages/wandb/sdk/internal/internal_api.py", line 1769, in upload_urls
    raise CommError(f"Run does not exist {entity}/{project}/{run_id}.")
wandb.errors.CommError: Run does not exist quantumiracle/dqn_ple/vnb63nts.
2023-03-02 21:52:22,599 ERROR   Thread-12 :481420 [step_upload.py:_handle_event():142] Failed to upload file: /home/quantumiracle/research/humanRL_prior_games/wandb/run-20230302_215154-vnb63nts/files/requirements.txt
Traceback (most recent call last):
  File "/home/quantumiracle/anaconda3/envs/x/lib/python3.7/site-packages/wandb/apis/normalize.py", line 26, in wrapper
    return func(*args, **kwargs)
  File "/home/quantumiracle/anaconda3/envs/x/lib/python3.7/site-packages/wandb/sdk/internal/internal_api.py", line 1769, in upload_urls
    raise CommError(f"Run does not exist {entity}/{project}/{run_id}.")
wandb.errors.CommError: Run does not exist quantumiracle/dqn_ple/vnb63nts.

During handling of the above exception, another exception occurred:

Traceback (most recent call last):
  File "/home/quantumiracle/anaconda3/envs/x/lib/python3.7/concurrent/futures/thread.py", line 57, in run
    result = self.fn(*self.args, **self.kwargs)
  File "/home/quantumiracle/anaconda3/envs/x/lib/python3.7/site-packages/wandb/filesync/step_upload.py", line 235, in run_and_notify
    job.run()
  File "/home/quantumiracle/anaconda3/envs/x/lib/python3.7/site-packages/wandb/filesync/upload_job.py", line 62, in run
    self.push()
  File "/home/quantumiracle/anaconda3/envs/x/lib/python3.7/site-packages/wandb/filesync/upload_job.py", line 113, in push
    _, upload_headers, result = self._api.upload_urls(project, [self.save_name])
  File "/home/quantumiracle/anaconda3/envs/x/lib/python3.7/site-packages/wandb/apis/normalize.py", line 64, in wrapper
    raise CommError(message, err).with_traceback(sys.exc_info()[2])
  File "/home/quantumiracle/anaconda3/envs/x/lib/python3.7/site-packages/wandb/apis/normalize.py", line 26, in wrapper
    return func(*args, **kwargs)
  File "/home/quantumiracle/anaconda3/envs/x/lib/python3.7/site-packages/wandb/sdk/internal/internal_api.py", line 1769, in upload_urls
    raise CommError(f"Run does not exist {entity}/{project}/{run_id}.")
wandb.errors.CommError: Run does not exist quantumiracle/dqn_ple/vnb63nts.
2023-03-02 21:52:22,603 ERROR   Thread-12 :481420 [step_upload.py:_handle_event():142] Failed to upload file: /home/quantumiracle/research/humanRL_prior_games/wandb/run-20230302_215154-vnb63nts/files/config.yaml
Traceback (most recent call last):
  File "/home/quantumiracle/anaconda3/envs/x/lib/python3.7/site-packages/wandb/apis/normalize.py", line 26, in wrapper
    return func(*args, **kwargs)
  File "/home/quantumiracle/anaconda3/envs/x/lib/python3.7/site-packages/wandb/sdk/internal/internal_api.py", line 1769, in upload_urls
    raise CommError(f"Run does not exist {entity}/{project}/{run_id}.")
wandb.errors.CommError: Run does not exist quantumiracle/dqn_ple/vnb63nts.

During handling of the above exception, another exception occurred:

Traceback (most recent call last):
  File "/home/quantumiracle/anaconda3/envs/x/lib/python3.7/concurrent/futures/thread.py", line 57, in run
    result = self.fn(*self.args, **self.kwargs)
  File "/home/quantumiracle/anaconda3/envs/x/lib/python3.7/site-packages/wandb/filesync/step_upload.py", line 235, in run_and_notify
    job.run()
  File "/home/quantumiracle/anaconda3/envs/x/lib/python3.7/site-packages/wandb/filesync/upload_job.py", line 62, in run
    self.push()
  File "/home/quantumiracle/anaconda3/envs/x/lib/python3.7/site-packages/wandb/filesync/upload_job.py", line 113, in push
    _, upload_headers, result = self._api.upload_urls(project, [self.save_name])
  File "/home/quantumiracle/anaconda3/envs/x/lib/python3.7/site-packages/wandb/apis/normalize.py", line 64, in wrapper
    raise CommError(message, err).with_traceback(sys.exc_info()[2])
  File "/home/quantumiracle/anaconda3/envs/x/lib/python3.7/site-packages/wandb/apis/normalize.py", line 26, in wrapper
    return func(*args, **kwargs)
  File "/home/quantumiracle/anaconda3/envs/x/lib/python3.7/site-packages/wandb/sdk/internal/internal_api.py", line 1769, in upload_urls
    raise CommError(f"Run does not exist {entity}/{project}/{run_id}.")
wandb.errors.CommError: Run does not exist quantumiracle/dqn_ple/vnb63nts.
2023-03-02 21:52:22,835 ERROR   Thread-12 :481420 [step_upload.py:_handle_event():142] Failed to upload file: /home/quantumiracle/research/humanRL_prior_games/wandb/run-20230302_215154-vnb63nts/files/output.log
Traceback (most recent call last):
  File "/home/quantumiracle/anaconda3/envs/x/lib/python3.7/site-packages/wandb/apis/normalize.py", line 26, in wrapper
    return func(*args, **kwargs)
  File "/home/quantumiracle/anaconda3/envs/x/lib/python3.7/site-packages/wandb/sdk/internal/internal_api.py", line 1769, in upload_urls
    raise CommError(f"Run does not exist {entity}/{project}/{run_id}.")
wandb.errors.CommError: Run does not exist quantumiracle/dqn_ple/vnb63nts.

During handling of the above exception, another exception occurred:

Traceback (most recent call last):
  File "/home/quantumiracle/anaconda3/envs/x/lib/python3.7/concurrent/futures/thread.py", line 57, in run
    result = self.fn(*self.args, **self.kwargs)
  File "/home/quantumiracle/anaconda3/envs/x/lib/python3.7/site-packages/wandb/filesync/step_upload.py", line 235, in run_and_notify
    job.run()
  File "/home/quantumiracle/anaconda3/envs/x/lib/python3.7/site-packages/wandb/filesync/upload_job.py", line 62, in run
    self.push()
  File "/home/quantumiracle/anaconda3/envs/x/lib/python3.7/site-packages/wandb/filesync/upload_job.py", line 113, in push
    _, upload_headers, result = self._api.upload_urls(project, [self.save_name])
  File "/home/quantumiracle/anaconda3/envs/x/lib/python3.7/site-packages/wandb/apis/normalize.py", line 64, in wrapper
    raise CommError(message, err).with_traceback(sys.exc_info()[2])
  File "/home/quantumiracle/anaconda3/envs/x/lib/python3.7/site-packages/wandb/apis/normalize.py", line 26, in wrapper
    return func(*args, **kwargs)
  File "/home/quantumiracle/anaconda3/envs/x/lib/python3.7/site-packages/wandb/sdk/internal/internal_api.py", line 1769, in upload_urls
    raise CommError(f"Run does not exist {entity}/{project}/{run_id}.")
wandb.errors.CommError: Run does not exist quantumiracle/dqn_ple/vnb63nts.
